TN:
SF:/usr/include/c++/5/bits/allocator.h
FN:113,_ZNSaIP8StlShapeEC2Ev
FN:113,_ZNSaI8triangleEC2Ev
FN:113,_ZNSaI2M4EC2Ev
FN:113,_ZNSaI8GLVertexEC2Ev
FN:113,_ZNSaIP14TransformationEC2Ev
FN:113,_ZNSaIhEC2Ev
FN:113,_ZNSaISt13_Rb_tree_nodeISt4pairIKi9GLTextureEEEC2Ev
FN:113,_ZNSaINSt7__cxx1112basic_stringIcSt11char_traitsIcESaIcEEEEC2Ev
FN:115,_ZNSaIhEC2ERKS_
FN:119,_ZNSaISt4pairIKi9GLTextureEEC2ISt13_Rb_tree_nodeIS2_EEERKSaIT_E
FN:121,_ZNSaI2M4ED2Ev
FN:121,_ZNSaIP14TransformationED2Ev
FN:121,_ZNSaIhED2Ev
FN:121,_ZNSaISt4pairIKi9GLTextureEED2Ev
FN:121,_ZNSaI8triangleED2Ev
FN:121,_ZNSaINSt7__cxx1112basic_stringIcSt11char_traitsIcESaIcEEEED2Ev
FN:121,_ZNSaI8GLVertexED2Ev
FN:121,_ZNSaISt13_Rb_tree_nodeISt4pairIKi9GLTextureEEED2Ev
FN:121,_ZNSaIP8StlShapeED2Ev
FNDA:4,_ZNSaINSt7__cxx1112basic_stringIcSt11char_traitsIcESaIcEEEEC2Ev
FNDA:2,_ZNSaISt13_Rb_tree_nodeISt4pairIKi9GLTextureEEEC2Ev
FNDA:2,_ZNSaI8GLVertexEC2Ev
FNDA:6,_ZNSaI2M4EC2Ev
FNDA:2,_ZNSaIP14TransformationEC2Ev
FNDA:2,_ZNSaIP8StlShapeEC2Ev
FNDA:14,_ZNSaI8triangleEC2Ev
FNDA:44,_ZNSaIhEC2Ev
FNDA:44,_ZNSaIhEC2ERKS_
FNDA:2,_ZNSaISt4pairIKi9GLTextureEEC2ISt13_Rb_tree_nodeIS2_EEERKSaIT_E
FNDA:2,_ZNSaISt4pairIKi9GLTextureEED2Ev
FNDA:4,_ZNSaINSt7__cxx1112basic_stringIcSt11char_traitsIcESaIcEEEED2Ev
FNDA:0,_ZNSaI8GLVertexED2Ev
FNDA:0,_ZNSaI2M4ED2Ev
FNDA:0,_ZNSaIP14TransformationED2Ev
FNDA:0,_ZNSaIP8StlShapeED2Ev
FNDA:0,_ZNSaI8triangleED2Ev
FNDA:66,_ZNSaIhED2Ev
FNDA:0,_ZNSaISt13_Rb_tree_nodeISt4pairIKi9GLTextureEEED2Ev
FNF:19
FNH:13
DA:113,76
DA:115,44
DA:116,44
DA:119,2
DA:121,72
LF:5
LH:5
end_of_record
SF:/usr/include/c++/5/bits/basic_string.h
FN:4783,_ZStplIcSt11char_traitsIcESaIcEENSt7__cxx1112basic_stringIT_T0_T1_EERKS8_SA_
FN:4820,_ZStplIcSt11char_traitsIcESaIcEENSt7__cxx1112basic_stringIT_T0_T1_EERKS8_PKS5_
FN:4937,_ZSteqIcSt11char_traitsIcESaIcEEbRKNSt7__cxx1112basic_stringIT_T0_T1_EEPKS5_
FN:4974,_ZStneIcSt11char_traitsIcESaIcEEbRKNSt7__cxx1112basic_stringIT_T0_T1_EEPKS5_
FNDA:14,_ZStplIcSt11char_traitsIcESaIcEENSt7__cxx1112basic_stringIT_T0_T1_EERKS8_SA_
FNDA:50,_ZStplIcSt11char_traitsIcESaIcEENSt7__cxx1112basic_stringIT_T0_T1_EERKS8_PKS5_
FNDA:56,_ZSteqIcSt11char_traitsIcESaIcEEbRKNSt7__cxx1112basic_stringIT_T0_T1_EEPKS5_
FNDA:28,_ZStneIcSt11char_traitsIcESaIcEEbRKNSt7__cxx1112basic_stringIT_T0_T1_EEPKS5_
FNF:4
FNH:4
DA:4783,14
DA:4786,14
DA:4787,14
DA:4788,14
DA:4820,50
DA:4823,50
DA:4824,50
DA:4825,50
DA:4937,56
DA:4939,56
DA:4974,28
DA:4976,28
LF:12
LH:12
end_of_record
SF:/usr/include/c++/5/bits/ios_base.h
FN:129,_ZStorSt13_Ios_OpenmodeS_
FNDA:14,_ZStorSt13_Ios_OpenmodeS_
FNF:1
FNH:1
DA:129,14
DA:130,14
LF:2
LH:2
end_of_record
SF:/usr/include/c++/5/bits/move.h
FN:47,_ZSt11__addressofI2M4EPT_RS1_
FN:47,_ZSt11__addressofIKSt4pairIKi9GLTextureEEPT_RS5_
FN:47,_ZSt11__addressofISt4pairIKi9GLTextureEEPT_RS4_
FN:47,_ZSt11__addressofINSt7__cxx1112basic_stringIcSt11char_traitsIcESaIcEEEEPT_RS6_
FNDA:96,_ZSt11__addressofI2M4EPT_RS1_
FNDA:2,_ZSt11__addressofIKSt4pairIKi9GLTextureEEPT_RS5_
FNDA:356,_ZSt11__addressofINSt7__cxx1112basic_stringIcSt11char_traitsIcESaIcEEEEPT_RS6_
FNDA:8,_ZSt11__addressofISt4pairIKi9GLTextureEEPT_RS4_
FNF:4
FNH:4
DA:47,462
DA:50,462
LF:2
LH:2
end_of_record
SF:/usr/include/c++/5/bits/postypes.h
FN:133,_ZNSt4fposI11__mbstate_tEC2El
FNDA:14,_ZNSt4fposI11__mbstate_tEC2El
FNF:1
FNH:1
DA:133,14
DA:134,14
LF:2
LH:2
end_of_record
SF:/usr/include/c++/5/bits/stl_algobase.h
FN:195,_ZSt3minIdERKT_S2_S2_
FN:219,_ZSt3maxImERKT_S2_S2_
FN:282,_ZSt12__niter_baseIP8GLVertexENSt11_Niter_baseIT_E13iterator_typeES3_
FN:282,_ZSt12__niter_baseIN9__gnu_cxx17__normal_iteratorIPKhSt6vectorIhSaIhEEEEENSt11_Niter_baseIT_E13iterator_typeES9_
FN:282,_ZSt12__niter_baseIPNSt7__cxx1112basic_stringIcSt11char_traitsIcESaIcEEEENSt11_Niter_baseIT_E13iterator_typeES8_
FN:282,_ZSt12__niter_baseIPhENSt11_Niter_baseIT_E13iterator_typeES2_
FN:282,_ZSt12__niter_baseIP8triangleENSt11_Niter_baseIT_E13iterator_typeES3_
FN:282,_ZSt12__niter_baseIPP14TransformationENSt11_Niter_baseIT_E13iterator_typeES4_
FN:282,_ZSt12__niter_baseIN9__gnu_cxx17__normal_iteratorIPhSt6vectorIhSaIhEEEEENSt11_Niter_baseIT_E13iterator_typeES8_
FN:282,_ZSt12__niter_baseIP2M4ENSt11_Niter_baseIT_E13iterator_typeES3_
FN:282,_ZSt12__niter_baseIPP8StlShapeENSt11_Niter_baseIT_E13iterator_typeES4_
FN:293,_ZSt12__miter_baseIPhENSt11_Miter_baseIT_E13iterator_typeES2_
FN:293,_ZSt12__miter_baseIN9__gnu_cxx17__normal_iteratorIPKhSt6vectorIhSaIhEEEEENSt11_Miter_baseIT_E13iterator_typeES9_
FN:293,_ZSt12__miter_baseIP8GLVertexENSt11_Miter_baseIT_E13iterator_typeES3_
FN:293,_ZSt12__miter_baseIPP8StlShapeENSt11_Miter_baseIT_E13iterator_typeES4_
FN:293,_ZSt12__miter_baseIPNSt7__cxx1112basic_stringIcSt11char_traitsIcESaIcEEEENSt11_Miter_baseIT_E13iterator_typeES8_
FN:293,_ZSt12__miter_baseIPP14TransformationENSt11_Miter_baseIT_E13iterator_typeES4_
FN:293,_ZSt12__miter_baseIP2M4ENSt11_Miter_baseIT_E13iterator_typeES3_
FN:293,_ZSt12__miter_baseIP8triangleENSt11_Miter_baseIT_E13iterator_typeES3_
FN:373,_ZNSt11__copy_moveILb0ELb1ESt26random_access_iterator_tagE8__copy_mI8GLVertexEEPT_PKS4_S7_S5_
FN:373,_ZNSt11__copy_moveILb0ELb1ESt26random_access_iterator_tagE8__copy_mI8triangleEEPT_PKS4_S7_S5_
FN:373,_ZNSt11__copy_moveILb0ELb1ESt26random_access_iterator_tagE8__copy_mIP8StlShapeEEPT_PKS5_S8_S6_
FN:373,_ZNSt11__copy_moveILb0ELb1ESt26random_access_iterator_tagE8__copy_mIP14TransformationEEPT_PKS5_S8_S6_
FN:373,_ZNSt11__copy_moveILb0ELb1ESt26random_access_iterator_tagE8__copy_mIhEEPT_PKS3_S6_S4_
FN:391,_ZSt13__copy_move_aILb0EPhS0_ET1_T0_S2_S1_
FN:391,_ZSt13__copy_move_aILb0EPP8StlShapeS2_ET1_T0_S4_S3_
FN:391,_ZSt13__copy_move_aILb0EP8GLVertexS1_ET1_T0_S3_S2_
FN:391,_ZSt13__copy_move_aILb0EP8triangleS1_ET1_T0_S3_S2_
FN:391,_ZSt13__copy_move_aILb0EPP14TransformationS2_ET1_T0_S4_S3_
FN:391,_ZSt13__copy_move_aILb0EPKhPhET1_T0_S4_S3_
FN:436,_ZSt14__copy_move_a2ILb0EP8triangleS1_ET1_T0_S3_S2_
FN:436,_ZSt14__copy_move_a2ILb0EPP14TransformationS2_ET1_T0_S4_S3_
FN:436,_ZSt14__copy_move_a2ILb0EPhS0_ET1_T0_S2_S1_
FN:436,_ZSt14__copy_move_a2ILb0EPP8StlShapeS2_ET1_T0_S4_S3_
FN:436,_ZSt14__copy_move_a2ILb0EP8GLVertexS1_ET1_T0_S3_S2_
FN:436,_ZSt14__copy_move_a2ILb0EN9__gnu_cxx17__normal_iteratorIPKhSt6vectorIhSaIhEEEENS1_IPhS6_EEET1_T0_SB_SA_
FN:436,_ZSt14__copy_move_a2ILb0EN9__gnu_cxx17__normal_iteratorIPKhSt6vectorIhSaIhEEEEPhET1_T0_SA_S9_
FN:462,_ZSt4copyIP8triangleS1_ET0_T_S3_S2_
FN:462,_ZSt4copyIPhS0_ET0_T_S2_S1_
FN:462,_ZSt4copyIN9__gnu_cxx17__normal_iteratorIPKhSt6vectorIhSaIhEEEENS1_IPhS6_EEET0_T_SB_SA_
FN:462,_ZSt4copyIN9__gnu_cxx17__normal_iteratorIPKhSt6vectorIhSaIhEEEEPhET0_T_SA_S9_
FN:462,_ZSt4copyIP8GLVertexS1_ET0_T_S3_S2_
FN:462,_ZSt4copyIPP8StlShapeS2_ET0_T_S4_S3_
FN:462,_ZSt4copyIPP14TransformationS2_ET0_T_S4_S3_
FN:545,_ZNSt20__copy_move_backwardILb0ELb0ESt26random_access_iterator_tagE13__copy_move_bIP2M4S4_EET0_T_S6_S5_
FN:545,_ZNSt20__copy_move_backwardILb0ELb0ESt26random_access_iterator_tagE13__copy_move_bIPNSt7__cxx1112basic_stringIcSt11char_traitsIcESaIcEEES9_EET0_T_SB_SA_
FN:575,_ZNSt20__copy_move_backwardILb0ELb1ESt26random_access_iterator_tagE13__copy_move_bIhEEPT_PKS3_S6_S4_
FN:575,_ZNSt20__copy_move_backwardILb0ELb1ESt26random_access_iterator_tagE13__copy_move_bIP8StlShapeEEPT_PKS5_S8_S6_
FN:575,_ZNSt20__copy_move_backwardILb0ELb1ESt26random_access_iterator_tagE13__copy_move_bIP14TransformationEEPT_PKS5_S8_S6_
FN:575,_ZNSt20__copy_move_backwardILb0ELb1ESt26random_access_iterator_tagE13__copy_move_bI8GLVertexEEPT_PKS4_S7_S5_
FN:575,_ZNSt20__copy_move_backwardILb0ELb1ESt26random_access_iterator_tagE13__copy_move_bI8triangleEEPT_PKS4_S7_S5_
FN:593,_ZSt22__copy_move_backward_aILb0EP2M4S1_ET1_T0_S3_S2_
FN:593,_ZSt22__copy_move_backward_aILb0EPNSt7__cxx1112basic_stringIcSt11char_traitsIcESaIcEEES6_ET1_T0_S8_S7_
FN:593,_ZSt22__copy_move_backward_aILb0EP8GLVertexS1_ET1_T0_S3_S2_
FN:593,_ZSt22__copy_move_backward_aILb0EPhS0_ET1_T0_S2_S1_
FN:593,_ZSt22__copy_move_backward_aILb0EP8triangleS1_ET1_T0_S3_S2_
FN:593,_ZSt22__copy_move_backward_aILb0EPP8StlShapeS2_ET1_T0_S4_S3_
FN:593,_ZSt22__copy_move_backward_aILb0EPP14TransformationS2_ET1_T0_S4_S3_
FN:611,_ZSt23__copy_move_backward_a2ILb0EP8GLVertexS1_ET1_T0_S3_S2_
FN:611,_ZSt23__copy_move_backward_a2ILb0EPNSt7__cxx1112basic_stringIcSt11char_traitsIcESaIcEEES6_ET1_T0_S8_S7_
FN:611,_ZSt23__copy_move_backward_a2ILb0EPhS0_ET1_T0_S2_S1_
FN:611,_ZSt23__copy_move_backward_a2ILb0EPP14TransformationS2_ET1_T0_S4_S3_
FN:611,_ZSt23__copy_move_backward_a2ILb0EPP8StlShapeS2_ET1_T0_S4_S3_
FN:611,_ZSt23__copy_move_backward_a2ILb0EP8triangleS1_ET1_T0_S3_S2_
FN:611,_ZSt23__copy_move_backward_a2ILb0EP2M4S1_ET1_T0_S3_S2_
FN:638,_ZSt13copy_backwardIP2M4S1_ET0_T_S3_S2_
FN:638,_ZSt13copy_backwardIP8GLVertexS1_ET0_T_S3_S2_
FN:638,_ZSt13copy_backwardIPP8StlShapeS2_ET0_T_S4_S3_
FN:638,_ZSt13copy_backwardIPP14TransformationS2_ET0_T_S4_S3_
FN:638,_ZSt13copy_backwardIP8triangleS1_ET0_T_S3_S2_
FN:638,_ZSt13copy_backwardIPhS0_ET0_T_S2_S1_
FN:638,_ZSt13copy_backwardIPNSt7__cxx1112basic_stringIcSt11char_traitsIcESaIcEEES6_ET0_T_S8_S7_
FN:697,_ZSt8__fill_aIP8GLVertexS0_EN9__gnu_cxx11__enable_ifIXntsrSt11__is_scalarIT0_E7__valueEvE6__typeET_S9_RKS5_
FN:697,_ZSt8__fill_aIP2M4S0_EN9__gnu_cxx11__enable_ifIXntsrSt11__is_scalarIT0_E7__valueEvE6__typeET_S9_RKS5_
FN:707,_ZSt8__fill_aIPP8StlShapeS1_EN9__gnu_cxx11__enable_ifIXsrSt11__is_scalarIT0_E7__valueEvE6__typeET_SA_RKS6_
FN:707,_ZSt8__fill_aIPP14TransformationS1_EN9__gnu_cxx11__enable_ifIXsrSt11__is_scalarIT0_E7__valueEvE6__typeET_SA_RKS6_
FN:719,_ZSt8__fill_aIhEN9__gnu_cxx11__enable_ifIXsrSt9__is_byteIT_E7__valueEvE6__typeEPS3_S7_RKS3_
FN:740,_ZSt4fillIP2M4S0_EvT_S2_RKT0_
FN:740,_ZSt4fillIP8GLVertexS0_EvT_S2_RKT0_
FN:740,_ZSt4fillIPP8StlShapeS1_EvT_S3_RKT0_
FN:740,_ZSt4fillIPhhEvT_S1_RKT0_
FN:740,_ZSt4fillIPP14TransformationS1_EvT_S3_RKT0_
FN:754,_ZSt10__fill_n_aIP8GLVertexmS0_EN9__gnu_cxx11__enable_ifIXntsrSt11__is_scalarIT1_E7__valueET_E6__typeES7_T0_RKS5_
FN:765,_ZSt10__fill_n_aIPP14TransformationmS1_EN9__gnu_cxx11__enable_ifIXsrSt11__is_scalarIT1_E7__valueET_E6__typeES8_T0_RKS6_
FN:765,_ZSt10__fill_n_aIPP8StlShapemS1_EN9__gnu_cxx11__enable_ifIXsrSt11__is_scalarIT1_E7__valueET_E6__typeES8_T0_RKS6_
FN:777,_ZSt10__fill_n_aImhEN9__gnu_cxx11__enable_ifIXsrSt9__is_byteIT0_E7__valueEPS3_E6__typeES5_T_RKS3_
FN:800,_ZSt6fill_nIP8GLVertexmS0_ET_S2_T0_RKT1_
FN:800,_ZSt6fill_nIPhmhET_S1_T0_RKT1_
FN:800,_ZSt6fill_nIPP8StlShapemS1_ET_S3_T0_RKT1_
FN:800,_ZSt6fill_nIPP14TransformationmS1_ET_S3_T0_RKT1_
FNDA:60,_ZSt3minIdERKT_S2_S2_
FNDA:186,_ZSt3maxImERKT_S2_S2_
FNDA:14,_ZSt12__niter_baseIPP14TransformationENSt11_Niter_baseIT_E13iterator_typeES4_
FNDA:14,_ZSt12__niter_baseIPP8StlShapeENSt11_Niter_baseIT_E13iterator_typeES4_
FNDA:924,_ZSt12__niter_baseIP8triangleENSt11_Niter_baseIT_E13iterator_typeES3_
FNDA:14,_ZSt12__niter_baseIP8GLVertexENSt11_Niter_baseIT_E13iterator_typeES3_
FNDA:0,_ZSt12__niter_baseIP2M4ENSt11_Niter_baseIT_E13iterator_typeES3_
FNDA:0,_ZSt12__niter_baseIPNSt7__cxx1112basic_stringIcSt11char_traitsIcESaIcEEEENSt11_Niter_baseIT_E13iterator_typeES8_
FNDA:44,_ZSt12__niter_baseIPhENSt11_Niter_baseIT_E13iterator_typeES2_
FNDA:22,_ZSt12__niter_baseIN9__gnu_cxx17__normal_iteratorIPhSt6vectorIhSaIhEEEEENSt11_Niter_baseIT_E13iterator_typeES8_
FNDA:132,_ZSt12__niter_baseIN9__gnu_cxx17__normal_iteratorIPKhSt6vectorIhSaIhEEEEENSt11_Niter_baseIT_E13iterator_typeES9_
FNDA:8,_ZSt12__miter_baseIPP14TransformationENSt11_Miter_baseIT_E13iterator_typeES4_
FNDA:8,_ZSt12__miter_baseIPP8StlShapeENSt11_Miter_baseIT_E13iterator_typeES4_
FNDA:8,_ZSt12__miter_baseIP8GLVertexENSt11_Miter_baseIT_E13iterator_typeES3_
FNDA:0,_ZSt12__miter_baseIP2M4ENSt11_Miter_baseIT_E13iterator_typeES3_
FNDA:616,_ZSt12__miter_baseIP8triangleENSt11_Miter_baseIT_E13iterator_typeES3_
FNDA:0,_ZSt12__miter_baseIPNSt7__cxx1112basic_stringIcSt11char_traitsIcESaIcEEEENSt11_Miter_baseIT_E13iterator_typeES8_
FNDA:0,_ZSt12__miter_baseIPhENSt11_Miter_baseIT_E13iterator_typeES2_
FNDA:132,_ZSt12__miter_baseIN9__gnu_cxx17__normal_iteratorIPKhSt6vectorIhSaIhEEEEENSt11_Miter_baseIT_E13iterator_typeES9_
FNDA:4,_ZNSt11__copy_moveILb0ELb1ESt26random_access_iterator_tagE8__copy_mIP14TransformationEEPT_PKS5_S8_S6_
FNDA:4,_ZNSt11__copy_moveILb0ELb1ESt26random_access_iterator_tagE8__copy_mIP8StlShapeEEPT_PKS5_S8_S6_
FNDA:4,_ZNSt11__copy_moveILb0ELb1ESt26random_access_iterator_tagE8__copy_mI8GLVertexEEPT_PKS4_S7_S5_
FNDA:308,_ZNSt11__copy_moveILb0ELb1ESt26random_access_iterator_tagE8__copy_mI8triangleEEPT_PKS4_S7_S5_
FNDA:66,_ZNSt11__copy_moveILb0ELb1ESt26random_access_iterator_tagE8__copy_mIhEEPT_PKS3_S6_S4_
FNDA:4,_ZSt13__copy_move_aILb0EPP14TransformationS2_ET1_T0_S4_S3_
FNDA:4,_ZSt13__copy_move_aILb0EPP8StlShapeS2_ET1_T0_S4_S3_
FNDA:4,_ZSt13__copy_move_aILb0EP8GLVertexS1_ET1_T0_S3_S2_
FNDA:308,_ZSt13__copy_move_aILb0EP8triangleS1_ET1_T0_S3_S2_
FNDA:0,_ZSt13__copy_move_aILb0EPhS0_ET1_T0_S2_S1_
FNDA:66,_ZSt13__copy_move_aILb0EPKhPhET1_T0_S4_S3_
FNDA:4,_ZSt14__copy_move_a2ILb0EPP14TransformationS2_ET1_T0_S4_S3_
FNDA:4,_ZSt14__copy_move_a2ILb0EPP8StlShapeS2_ET1_T0_S4_S3_
FNDA:4,_ZSt14__copy_move_a2ILb0EP8GLVertexS1_ET1_T0_S3_S2_
FNDA:308,_ZSt14__copy_move_a2ILb0EP8triangleS1_ET1_T0_S3_S2_
FNDA:44,_ZSt14__copy_move_a2ILb0EN9__gnu_cxx17__normal_iteratorIPKhSt6vectorIhSaIhEEEEPhET1_T0_SA_S9_
FNDA:0,_ZSt14__copy_move_a2ILb0EPhS0_ET1_T0_S2_S1_
FNDA:22,_ZSt14__copy_move_a2ILb0EN9__gnu_cxx17__normal_iteratorIPKhSt6vectorIhSaIhEEEENS1_IPhS6_EEET1_T0_SB_SA_
FNDA:4,_ZSt4copyIPP14TransformationS2_ET0_T_S4_S3_
FNDA:4,_ZSt4copyIPP8StlShapeS2_ET0_T_S4_S3_
FNDA:4,_ZSt4copyIP8GLVertexS1_ET0_T_S3_S2_
FNDA:308,_ZSt4copyIP8triangleS1_ET0_T_S3_S2_
FNDA:44,_ZSt4copyIN9__gnu_cxx17__normal_iteratorIPKhSt6vectorIhSaIhEEEEPhET0_T_SA_S9_
FNDA:0,_ZSt4copyIPhS0_ET0_T_S2_S1_
FNDA:22,_ZSt4copyIN9__gnu_cxx17__normal_iteratorIPKhSt6vectorIhSaIhEEEENS1_IPhS6_EEET0_T_SB_SA_
FNDA:0,_ZNSt20__copy_move_backwardILb0ELb0ESt26random_access_iterator_tagE13__copy_move_bIP2M4S4_EET0_T_S6_S5_
FNDA:0,_ZNSt20__copy_move_backwardILb0ELb0ESt26random_access_iterator_tagE13__copy_move_bIPNSt7__cxx1112basic_stringIcSt11char_traitsIcESaIcEEES9_EET0_T_SB_SA_
FNDA:0,_ZNSt20__copy_move_backwardILb0ELb1ESt26random_access_iterator_tagE13__copy_move_bIP14TransformationEEPT_PKS5_S8_S6_
FNDA:0,_ZNSt20__copy_move_backwardILb0ELb1ESt26random_access_iterator_tagE13__copy_move_bIP8StlShapeEEPT_PKS5_S8_S6_
FNDA:0,_ZNSt20__copy_move_backwardILb0ELb1ESt26random_access_iterator_tagE13__copy_move_bIhEEPT_PKS3_S6_S4_
FNDA:0,_ZNSt20__copy_move_backwardILb0ELb1ESt26random_access_iterator_tagE13__copy_move_bI8GLVertexEEPT_PKS4_S7_S5_
FNDA:0,_ZNSt20__copy_move_backwardILb0ELb1ESt26random_access_iterator_tagE13__copy_move_bI8triangleEEPT_PKS4_S7_S5_
FNDA:0,_ZSt22__copy_move_backward_aILb0EPP14TransformationS2_ET1_T0_S4_S3_
FNDA:0,_ZSt22__copy_move_backward_aILb0EPP8StlShapeS2_ET1_T0_S4_S3_
FNDA:0,_ZSt22__copy_move_backward_aILb0EPhS0_ET1_T0_S2_S1_
FNDA:0,_ZSt22__copy_move_backward_aILb0EP8GLVertexS1_ET1_T0_S3_S2_
FNDA:0,_ZSt22__copy_move_backward_aILb0EP2M4S1_ET1_T0_S3_S2_
FNDA:0,_ZSt22__copy_move_backward_aILb0EP8triangleS1_ET1_T0_S3_S2_
FNDA:0,_ZSt22__copy_move_backward_aILb0EPNSt7__cxx1112basic_stringIcSt11char_traitsIcESaIcEEES6_ET1_T0_S8_S7_
FNDA:0,_ZSt23__copy_move_backward_a2ILb0EPP14TransformationS2_ET1_T0_S4_S3_
FNDA:0,_ZSt23__copy_move_backward_a2ILb0EPP8StlShapeS2_ET1_T0_S4_S3_
FNDA:0,_ZSt23__copy_move_backward_a2ILb0EPhS0_ET1_T0_S2_S1_
FNDA:0,_ZSt23__copy_move_backward_a2ILb0EP8GLVertexS1_ET1_T0_S3_S2_
FNDA:0,_ZSt23__copy_move_backward_a2ILb0EP2M4S1_ET1_T0_S3_S2_
FNDA:0,_ZSt23__copy_move_backward_a2ILb0EP8triangleS1_ET1_T0_S3_S2_
FNDA:0,_ZSt23__copy_move_backward_a2ILb0EPNSt7__cxx1112basic_stringIcSt11char_traitsIcESaIcEEES6_ET1_T0_S8_S7_
FNDA:0,_ZSt13copy_backwardIPP14TransformationS2_ET0_T_S4_S3_
FNDA:0,_ZSt13copy_backwardIPP8StlShapeS2_ET0_T_S4_S3_
FNDA:0,_ZSt13copy_backwardIPhS0_ET0_T_S2_S1_
FNDA:0,_ZSt13copy_backwardIP8GLVertexS1_ET0_T_S3_S2_
FNDA:0,_ZSt13copy_backwardIP2M4S1_ET0_T_S3_S2_
FNDA:0,_ZSt13copy_backwardIP8triangleS1_ET0_T_S3_S2_
FNDA:0,_ZSt13copy_backwardIPNSt7__cxx1112basic_stringIcSt11char_traitsIcESaIcEEES6_ET0_T_S8_S7_
FNDA:0,_ZSt8__fill_aIP8GLVertexS0_EN9__gnu_cxx11__enable_ifIXntsrSt11__is_scalarIT0_E7__valueEvE6__typeET_S9_RKS5_
FNDA:0,_ZSt8__fill_aIP2M4S0_EN9__gnu_cxx11__enable_ifIXntsrSt11__is_scalarIT0_E7__valueEvE6__typeET_S9_RKS5_
FNDA:0,_ZSt8__fill_aIPP14TransformationS1_EN9__gnu_cxx11__enable_ifIXsrSt11__is_scalarIT0_E7__valueEvE6__typeET_SA_RKS6_
FNDA:0,_ZSt8__fill_aIPP8StlShapeS1_EN9__gnu_cxx11__enable_ifIXsrSt11__is_scalarIT0_E7__valueEvE6__typeET_SA_RKS6_
FNDA:0,_ZSt8__fill_aIhEN9__gnu_cxx11__enable_ifIXsrSt9__is_byteIT_E7__valueEvE6__typeEPS3_S7_RKS3_
FNDA:0,_ZSt4fillIPP14TransformationS1_EvT_S3_RKT0_
FNDA:0,_ZSt4fillIPP8StlShapeS1_EvT_S3_RKT0_
FNDA:0,_ZSt4fillIPhhEvT_S1_RKT0_
FNDA:0,_ZSt4fillIP8GLVertexS0_EvT_S2_RKT0_
FNDA:0,_ZSt4fillIP2M4S0_EvT_S2_RKT0_
FNDA:2,_ZSt10__fill_n_aIP8GLVertexmS0_EN9__gnu_cxx11__enable_ifIXntsrSt11__is_scalarIT1_E7__valueET_E6__typeES7_T0_RKS5_
FNDA:2,_ZSt10__fill_n_aIPP14TransformationmS1_EN9__gnu_cxx11__enable_ifIXsrSt11__is_scalarIT1_E7__valueET_E6__typeES8_T0_RKS6_
FNDA:2,_ZSt10__fill_n_aIPP8StlShapemS1_EN9__gnu_cxx11__enable_ifIXsrSt11__is_scalarIT1_E7__valueET_E6__typeES8_T0_RKS6_
FNDA:0,_ZSt10__fill_n_aImhEN9__gnu_cxx11__enable_ifIXsrSt9__is_byteIT0_E7__valueEPS3_E6__typeES5_T_RKS3_
FNDA:2,_ZSt6fill_nIPP14TransformationmS1_ET_S3_T0_RKT1_
FNDA:2,_ZSt6fill_nIPP8StlShapemS1_ET_S3_T0_RKT1_
FNDA:0,_ZSt6fill_nIPhmhET_S1_T0_RKT1_
FNDA:2,_ZSt6fill_nIP8GLVertexmS0_ET_S2_T0_RKT1_
FNF:90
FNH:42
DA:195,60
DA:200,60
DA:201,14
DA:202,46
DA:219,186
DA:224,186
DA:225,30
DA:226,156
DA:282,1164
DA:283,1164
DA:293,772
DA:294,772
DA:373,386
DA:382,386
DA:383,386
DA:384,140
DA:385,386
DA:391,386
DA:399,386
DA:402,386
DA:436,386
DA:438,386
DA:440,386
DA:462,386
DA:471,386
DA:472,386
DA:545,0
DA:548,0
DA:549,0
DA:550,0
DA:575,0
DA:584,0
DA:585,0
DA:586,0
DA:587,0
DA:593,0
DA:601,0
DA:606,0
DA:611,0
DA:614,0
DA:615,0
DA:638,0
DA:649,0
DA:650,0
DA:697,0
DA:700,0
DA:701,0
DA:702,0
DA:707,0
DA:710,0
DA:711,0
DA:712,0
DA:713,0
DA:719,0
DA:721,0
DA:722,0
DA:723,0
DA:724,0
DA:740,0
DA:747,0
DA:749,0
DA:754,2
DA:756,34
DA:758,32
DA:759,2
DA:765,4
DA:767,4
DA:768,32
DA:770,28
DA:771,4
DA:777,0
DA:779,0
DA:780,0
DA:800,6
DA:805,6
LF:75
LH:37
end_of_record
SF:/usr/include/c++/5/bits/stl_construct.h
FN:79,_ZSt10_ConstructINSt7__cxx1112basic_stringIcSt11char_traitsIcESaIcEEES5_EvPT_RKT0_
FN:79,_ZSt10_ConstructI2M4S0_EvPT_RKT0_
FN:92,_ZSt8_DestroyINSt7__cxx1112basic_stringIcSt11char_traitsIcESaIcEEEEvPT_
FN:100,_ZNSt12_Destroy_auxILb0EE9__destroyIPNSt7__cxx1112basic_stringIcSt11char_traitsIcESaIcEEEEEvT_S9_
FN:112,_ZNSt12_Destroy_auxILb1EE9__destroyIP8triangleEEvT_S4_
FN:112,_ZNSt12_Destroy_auxILb1EE9__destroyIP8GLVertexEEvT_S4_
FN:112,_ZNSt12_Destroy_auxILb1EE9__destroyIPhEEvT_S3_
FN:112,_ZNSt12_Destroy_auxILb1EE9__destroyIPP8StlShapeEEvT_S5_
FN:112,_ZNSt12_Destroy_auxILb1EE9__destroyIN9__gnu_cxx17__normal_iteratorIPhSt6vectorIhSaIhEEEEEEvT_S9_
FN:112,_ZNSt12_Destroy_auxILb1EE9__destroyIP2M4EEvT_S4_
FN:112,_ZNSt12_Destroy_auxILb1EE9__destroyIPP14TransformationEEvT_S5_
FN:122,_ZSt8_DestroyIP8triangleEvT_S2_
FN:122,_ZSt8_DestroyIPP8StlShapeEvT_S3_
FN:122,_ZSt8_DestroyIP2M4EvT_S2_
FN:122,_ZSt8_DestroyIPP14TransformationEvT_S3_
FN:122,_ZSt8_DestroyIN9__gnu_cxx17__normal_iteratorIPhSt6vectorIhSaIhEEEEEvT_S7_
FN:122,_ZSt8_DestroyIPNSt7__cxx1112basic_stringIcSt11char_traitsIcESaIcEEEEvT_S7_
FN:122,_ZSt8_DestroyIPhEvT_S1_
FN:122,_ZSt8_DestroyIP8GLVertexEvT_S2_
FN:148,_ZSt8_DestroyIN9__gnu_cxx17__normal_iteratorIPhSt6vectorIhSaIhEEEEhEvT_S7_RSaIT0_E
FN:148,_ZSt8_DestroyIP8GLVertexS0_EvT_S2_RSaIT0_E
FN:148,_ZSt8_DestroyIPNSt7__cxx1112basic_stringIcSt11char_traitsIcESaIcEEES5_EvT_S7_RSaIT0_E
FN:148,_ZSt8_DestroyIP2M4S0_EvT_S2_RSaIT0_E
FN:148,_ZSt8_DestroyIP8triangleS0_EvT_S2_RSaIT0_E
FN:148,_ZSt8_DestroyIPhhEvT_S1_RSaIT0_E
FN:148,_ZSt8_DestroyIPP8StlShapeS1_EvT_S3_RSaIT0_E
FN:148,_ZSt8_DestroyIPP14TransformationS1_EvT_S3_RSaIT0_E
FNDA:96,_ZSt10_ConstructI2M4S0_EvPT_RKT0_
FNDA:60,_ZSt10_ConstructINSt7__cxx1112basic_stringIcSt11char_traitsIcESaIcEEES5_EvPT_RKT0_
FNDA:296,_ZSt8_DestroyINSt7__cxx1112basic_stringIcSt11char_traitsIcESaIcEEEEvPT_
FNDA:44,_ZNSt12_Destroy_auxILb0EE9__destroyIPNSt7__cxx1112basic_stringIcSt11char_traitsIcESaIcEEEEEvT_S9_
FNDA:2,_ZNSt12_Destroy_auxILb1EE9__destroyIP8GLVertexEEvT_S4_
FNDA:6,_ZNSt12_Destroy_auxILb1EE9__destroyIP2M4EEvT_S4_
FNDA:2,_ZNSt12_Destroy_auxILb1EE9__destroyIPP14TransformationEEvT_S5_
FNDA:2,_ZNSt12_Destroy_auxILb1EE9__destroyIPP8StlShapeEEvT_S5_
FNDA:154,_ZNSt12_Destroy_auxILb1EE9__destroyIP8triangleEEvT_S4_
FNDA:22,_ZNSt12_Destroy_auxILb1EE9__destroyIN9__gnu_cxx17__normal_iteratorIPhSt6vectorIhSaIhEEEEEEvT_S9_
FNDA:66,_ZNSt12_Destroy_auxILb1EE9__destroyIPhEEvT_S3_
FNDA:44,_ZSt8_DestroyIPNSt7__cxx1112basic_stringIcSt11char_traitsIcESaIcEEEEvT_S7_
FNDA:2,_ZSt8_DestroyIP8GLVertexEvT_S2_
FNDA:6,_ZSt8_DestroyIP2M4EvT_S2_
FNDA:2,_ZSt8_DestroyIPP14TransformationEvT_S3_
FNDA:2,_ZSt8_DestroyIPP8StlShapeEvT_S3_
FNDA:154,_ZSt8_DestroyIP8triangleEvT_S2_
FNDA:22,_ZSt8_DestroyIN9__gnu_cxx17__normal_iteratorIPhSt6vectorIhSaIhEEEEEvT_S7_
FNDA:66,_ZSt8_DestroyIPhEvT_S1_
FNDA:44,_ZSt8_DestroyIPNSt7__cxx1112basic_stringIcSt11char_traitsIcESaIcEEES5_EvT_S7_RSaIT0_E
FNDA:2,_ZSt8_DestroyIP8GLVertexS0_EvT_S2_RSaIT0_E
FNDA:6,_ZSt8_DestroyIP2M4S0_EvT_S2_RSaIT0_E
FNDA:2,_ZSt8_DestroyIPP14TransformationS1_EvT_S3_RSaIT0_E
FNDA:2,_ZSt8_DestroyIPP8StlShapeS1_EvT_S3_RSaIT0_E
FNDA:154,_ZSt8_DestroyIP8triangleS0_EvT_S2_RSaIT0_E
FNDA:22,_ZSt8_DestroyIN9__gnu_cxx17__normal_iteratorIPhSt6vectorIhSaIhEEEEhEvT_S7_RSaIT0_E
FNDA:66,_ZSt8_DestroyIPhhEvT_S1_RSaIT0_E
FNF:27
FNH:27
DA:79,156
DA:83,156
DA:84,156
DA:92,296
DA:93,296
DA:100,340
DA:102,636
DA:103,296
DA:104,44
DA:112,254
DA:122,298
DA:126,298
DA:128,298
DA:148,298
DA:151,298
DA:152,298
LF:16
LH:16
end_of_record
SF:/usr/include/c++/5/bits/stl_function.h
FN:386,_ZNKSt4lessIiEclERKiS2_
FN:891,_ZNKSt10_Select1stISt4pairIKi9GLTextureEEclERKS3_
FNDA:4,_ZNKSt4lessIiEclERKiS2_
FNDA:4,_ZNKSt10_Select1stISt4pairIKi9GLTextureEEclERKS3_
FNF:2
FNH:2
DA:386,4
DA:387,4
DA:891,4
DA:892,4
LF:4
LH:4
end_of_record
SF:/usr/include/c++/5/bits/stl_iterator.h
FN:740,_ZN9__gnu_cxx17__normal_iteratorIPhSt6vectorIhSaIhEEEC2ERKS1_
FN:740,_ZN9__gnu_cxx17__normal_iteratorIPP14TransformationSt6vectorIS2_SaIS2_EEEC2ERKS3_
FN:740,_ZN9__gnu_cxx17__normal_iteratorIPP8StlShapeSt6vectorIS2_SaIS2_EEEC2ERKS3_
FN:740,_ZN9__gnu_cxx17__normal_iteratorIP2M4St6vectorIS1_SaIS1_EEEC2ERKS2_
FN:740,_ZN9__gnu_cxx17__normal_iteratorIP8GLVertexSt6vectorIS1_SaIS1_EEEC2ERKS2_
FN:740,_ZN9__gnu_cxx17__normal_iteratorIPKhSt6vectorIhSaIhEEEC2ERKS2_
FN:740,_ZN9__gnu_cxx17__normal_iteratorIPNSt7__cxx1112basic_stringIcSt11char_traitsIcESaIcEEESt6vectorIS6_SaIS6_EEEC2ERKS7_
FN:740,_ZN9__gnu_cxx17__normal_iteratorIP8triangleSt6vectorIS1_SaIS1_EEEC2ERKS2_
FN:753,_ZNK9__gnu_cxx17__normal_iteratorIP8triangleSt6vectorIS1_SaIS1_EEEdeEv
FN:753,_ZNK9__gnu_cxx17__normal_iteratorIPNSt7__cxx1112basic_stringIcSt11char_traitsIcESaIcEEESt6vectorIS6_SaIS6_EEEdeEv
FN:805,_ZNK9__gnu_cxx17__normal_iteratorIPhSt6vectorIhSaIhEEE4baseEv
FN:805,_ZNK9__gnu_cxx17__normal_iteratorIPKhSt6vectorIhSaIhEEE4baseEv
FN:805,_ZNK9__gnu_cxx17__normal_iteratorIP2M4St6vectorIS1_SaIS1_EEE4baseEv
FN:805,_ZNK9__gnu_cxx17__normal_iteratorIP8triangleSt6vectorIS1_SaIS1_EEE4baseEv
FN:805,_ZNK9__gnu_cxx17__normal_iteratorIPP8StlShapeSt6vectorIS2_SaIS2_EEE4baseEv
FN:805,_ZNK9__gnu_cxx17__normal_iteratorIPP14TransformationSt6vectorIS2_SaIS2_EEE4baseEv
FN:805,_ZNK9__gnu_cxx17__normal_iteratorIPNSt7__cxx1112basic_stringIcSt11char_traitsIcESaIcEEESt6vectorIS6_SaIS6_EEE4baseEv
FN:805,_ZNK9__gnu_cxx17__normal_iteratorIP8GLVertexSt6vectorIS1_SaIS1_EEE4baseEv
FN:923,_ZN9__gnu_cxxmiIP8triangleSt6vectorIS1_SaIS1_EEEENS_17__normal_iteratorIT_T0_E15difference_typeERKS9_SC_
FN:923,_ZN9__gnu_cxxmiIP2M4St6vectorIS1_SaIS1_EEEENS_17__normal_iteratorIT_T0_E15difference_typeERKS9_SC_
FN:923,_ZN9__gnu_cxxmiIPhSt6vectorIhSaIhEEEENS_17__normal_iteratorIT_T0_E15difference_typeERKS8_SB_
FN:923,_ZN9__gnu_cxxmiIPP14TransformationSt6vectorIS2_SaIS2_EEEENS_17__normal_iteratorIT_T0_E15difference_typeERKSA_SD_
FN:923,_ZN9__gnu_cxxmiIP8GLVertexSt6vectorIS1_SaIS1_EEEENS_17__normal_iteratorIT_T0_E15difference_typeERKS9_SC_
FN:923,_ZN9__gnu_cxxmiIPNSt7__cxx1112basic_stringIcSt11char_traitsIcESaIcEEESt6vectorIS6_SaIS6_EEEENS_17__normal_iteratorIT_T0_E15difference_typeERKSE_SH_
FN:923,_ZN9__gnu_cxxmiIPP8StlShapeSt6vectorIS2_SaIS2_EEEENS_17__normal_iteratorIT_T0_E15difference_typeERKSA_SD_
FNDA:4,_ZN9__gnu_cxx17__normal_iteratorIPP14TransformationSt6vectorIS2_SaIS2_EEEC2ERKS3_
FNDA:4,_ZN9__gnu_cxx17__normal_iteratorIPP8StlShapeSt6vectorIS2_SaIS2_EEEC2ERKS3_
FNDA:308,_ZN9__gnu_cxx17__normal_iteratorIP8triangleSt6vectorIS1_SaIS1_EEEC2ERKS2_
FNDA:66,_ZN9__gnu_cxx17__normal_iteratorIPhSt6vectorIhSaIhEEEC2ERKS1_
FNDA:132,_ZN9__gnu_cxx17__normal_iteratorIPKhSt6vectorIhSaIhEEEC2ERKS2_
FNDA:4,_ZN9__gnu_cxx17__normal_iteratorIP8GLVertexSt6vectorIS1_SaIS1_EEEC2ERKS2_
FNDA:12,_ZN9__gnu_cxx17__normal_iteratorIP2M4St6vectorIS1_SaIS1_EEEC2ERKS2_
FNDA:40,_ZN9__gnu_cxx17__normal_iteratorIPNSt7__cxx1112basic_stringIcSt11char_traitsIcESaIcEEESt6vectorIS6_SaIS6_EEEC2ERKS7_
FNDA:0,_ZNK9__gnu_cxx17__normal_iteratorIP8triangleSt6vectorIS1_SaIS1_EEEdeEv
FNDA:0,_ZNK9__gnu_cxx17__normal_iteratorIPNSt7__cxx1112basic_stringIcSt11char_traitsIcESaIcEEESt6vectorIS6_SaIS6_EEEdeEv
FNDA:132,_ZNK9__gnu_cxx17__normal_iteratorIPKhSt6vectorIhSaIhEEE4baseEv
FNDA:8,_ZNK9__gnu_cxx17__normal_iteratorIPP14TransformationSt6vectorIS2_SaIS2_EEE4baseEv
FNDA:8,_ZNK9__gnu_cxx17__normal_iteratorIPP8StlShapeSt6vectorIS2_SaIS2_EEE4baseEv
FNDA:22,_ZNK9__gnu_cxx17__normal_iteratorIPhSt6vectorIhSaIhEEE4baseEv
FNDA:8,_ZNK9__gnu_cxx17__normal_iteratorIP8GLVertexSt6vectorIS1_SaIS1_EEE4baseEv
FNDA:24,_ZNK9__gnu_cxx17__normal_iteratorIP2M4St6vectorIS1_SaIS1_EEE4baseEv
FNDA:616,_ZNK9__gnu_cxx17__normal_iteratorIP8triangleSt6vectorIS1_SaIS1_EEE4baseEv
FNDA:80,_ZNK9__gnu_cxx17__normal_iteratorIPNSt7__cxx1112basic_stringIcSt11char_traitsIcESaIcEEESt6vectorIS6_SaIS6_EEE4baseEv
FNDA:2,_ZN9__gnu_cxxmiIPP14TransformationSt6vectorIS2_SaIS2_EEEENS_17__normal_iteratorIT_T0_E15difference_typeERKSA_SD_
FNDA:2,_ZN9__gnu_cxxmiIPP8StlShapeSt6vectorIS2_SaIS2_EEEENS_17__normal_iteratorIT_T0_E15difference_typeERKSA_SD_
FNDA:0,_ZN9__gnu_cxxmiIPhSt6vectorIhSaIhEEEENS_17__normal_iteratorIT_T0_E15difference_typeERKS8_SB_
FNDA:2,_ZN9__gnu_cxxmiIP8GLVertexSt6vectorIS1_SaIS1_EEEENS_17__normal_iteratorIT_T0_E15difference_typeERKS9_SC_
FNDA:6,_ZN9__gnu_cxxmiIP2M4St6vectorIS1_SaIS1_EEEENS_17__normal_iteratorIT_T0_E15difference_typeERKS9_SC_
FNDA:154,_ZN9__gnu_cxxmiIP8triangleSt6vectorIS1_SaIS1_EEEENS_17__normal_iteratorIT_T0_E15difference_typeERKS9_SC_
FNDA:20,_ZN9__gnu_cxxmiIPNSt7__cxx1112basic_stringIcSt11char_traitsIcESaIcEEESt6vectorIS6_SaIS6_EEEENS_17__normal_iteratorIT_T0_E15difference_typeERKSE_SH_
FNF:25
FNH:22
DA:740,570
DA:741,570
DA:753,0
DA:754,0
DA:805,898
DA:806,898
DA:923,186
DA:926,186
LF:8
LH:6
end_of_record
SF:/usr/include/c++/5/bits/stl_iterator_base_types.h
FN:215,_ZNSt10_Iter_baseIP2M4Lb0EE7_S_baseES1_
FN:215,_ZNSt10_Iter_baseIPNSt7__cxx1112basic_stringIcSt11char_traitsIcESaIcEEELb0EE7_S_baseES6_
FN:215,_ZNSt10_Iter_baseIP8triangleLb0EE7_S_baseES1_
FN:215,_ZNSt10_Iter_baseIPhLb0EE7_S_baseES0_
FN:215,_ZNSt10_Iter_baseIPP14TransformationLb0EE7_S_baseES2_
FN:215,_ZNSt10_Iter_baseIN9__gnu_cxx17__normal_iteratorIPKhSt6vectorIhSaIhEEEELb0EE7_S_baseES7_
FN:215,_ZNSt10_Iter_baseIPP8StlShapeLb0EE7_S_baseES2_
FN:215,_ZNSt10_Iter_baseIP8GLVertexLb0EE7_S_baseES1_
FN:223,_ZNSt10_Iter_baseIN9__gnu_cxx17__normal_iteratorIPKhSt6vectorIhSaIhEEEELb1EE7_S_baseES7_
FN:223,_ZNSt10_Iter_baseIN9__gnu_cxx17__normal_iteratorIPhSt6vectorIhSaIhEEEELb1EE7_S_baseES6_
FNDA:22,_ZNSt10_Iter_baseIPP14TransformationLb0EE7_S_baseES2_
FNDA:22,_ZNSt10_Iter_baseIPP8StlShapeLb0EE7_S_baseES2_
FNDA:22,_ZNSt10_Iter_baseIP8GLVertexLb0EE7_S_baseES1_
FNDA:0,_ZNSt10_Iter_baseIP2M4Lb0EE7_S_baseES1_
FNDA:1540,_ZNSt10_Iter_baseIP8triangleLb0EE7_S_baseES1_
FNDA:0,_ZNSt10_Iter_baseIPNSt7__cxx1112basic_stringIcSt11char_traitsIcESaIcEEELb0EE7_S_baseES6_
FNDA:44,_ZNSt10_Iter_baseIPhLb0EE7_S_baseES0_
FNDA:132,_ZNSt10_Iter_baseIN9__gnu_cxx17__normal_iteratorIPKhSt6vectorIhSaIhEEEELb0EE7_S_baseES7_
FNDA:22,_ZNSt10_Iter_baseIN9__gnu_cxx17__normal_iteratorIPhSt6vectorIhSaIhEEEELb1EE7_S_baseES6_
FNDA:132,_ZNSt10_Iter_baseIN9__gnu_cxx17__normal_iteratorIPKhSt6vectorIhSaIhEEEELb1EE7_S_baseES7_
FNF:10
FNH:8
DA:215,1782
DA:216,1782
DA:223,154
DA:224,154
LF:4
LH:4
end_of_record
SF:/usr/include/c++/5/bits/stl_map.h
FN:96,_ZNSt3mapIi9GLTextureSt4lessIiESaISt4pairIKiS0_EEED2Ev
FN:162,_ZNSt3mapIi9GLTextureSt4lessIiESaISt4pairIKiS0_EEEC2Ev
FN:356,_ZNSt3mapIi9GLTextureSt4lessIiESaISt4pairIKiS0_EEE3endEv
FN:474,_ZNSt3mapIi9GLTextureSt4lessIiESaISt4pairIKiS0_EEEixERS4_
FN:664,_ZNSt3mapIi9GLTextureSt4lessIiESaISt4pairIKiS0_EEE6insertESt17_Rb_tree_iteratorIS5_ERKS5_
FN:818,_ZNKSt3mapIi9GLTextureSt4lessIiESaISt4pairIKiS0_EEE8key_compEv
FN:845,_ZNSt3mapIi9GLTextureSt4lessIiESaISt4pairIKiS0_EEE4findERS4_
FN:915,_ZNSt3mapIi9GLTextureSt4lessIiESaISt4pairIKiS0_EEE11lower_boundERS4_
FNDA:0,_ZNSt3mapIi9GLTextureSt4lessIiESaISt4pairIKiS0_EEED2Ev
FNDA:2,_ZNSt3mapIi9GLTextureSt4lessIiESaISt4pairIKiS0_EEEC2Ev
FNDA:6,_ZNSt3mapIi9GLTextureSt4lessIiESaISt4pairIKiS0_EEE3endEv
FNDA:4,_ZNSt3mapIi9GLTextureSt4lessIiESaISt4pairIKiS0_EEEixERS4_
FNDA:2,_ZNSt3mapIi9GLTextureSt4lessIiESaISt4pairIKiS0_EEE6insertESt17_Rb_tree_iteratorIS5_ERKS5_
FNDA:2,_ZNKSt3mapIi9GLTextureSt4lessIiESaISt4pairIKiS0_EEE8key_compEv
FNDA:2,_ZNSt3mapIi9GLTextureSt4lessIiESaISt4pairIKiS0_EEE4findERS4_
FNDA:4,_ZNSt3mapIi9GLTextureSt4lessIiESaISt4pairIKiS0_EEE11lower_boundERS4_
FNF:8
FNH:7
DA:96,0
DA:162,2
DA:166,2
DA:356,6
DA:357,6
DA:474,4
DA:479,4
DA:481,4
DA:487,2
DA:489,4
DA:664,2
DA:666,2
DA:818,2
DA:819,2
DA:845,2
DA:846,2
DA:915,4
DA:916,4
LF:18
LH:17
end_of_record
SF:/usr/include/c++/5/bits/stl_pair.h
FN:96,_ZNSt4pairIKi9GLTextureED2Ev
FN:96,_ZNSt4pairIKi9GLTextureEC2ERKS2_
FN:112,_ZNSt4pairIPSt18_Rb_tree_node_baseS1_EC2ERKS1_S4_
FN:112,_ZNSt4pairIKi9GLTextureEC2ERS0_RKS1_
FNDA:2,_ZNSt4pairIKi9GLTextureEC2ERKS2_
FNDA:2,_ZNSt4pairIKi9GLTextureED2Ev
FNDA:2,_ZNSt4pairIPSt18_Rb_tree_node_baseS1_EC2ERKS1_S4_
FNDA:2,_ZNSt4pairIKi9GLTextureEC2ERS0_RKS1_
FNF:4
FNH:4
DA:96,4
DA:112,4
DA:113,4
LF:3
LH:3
end_of_record
SF:/usr/include/c++/5/bits/stl_tree.h
FN:142,_ZNSt13_Rb_tree_nodeISt4pairIKi9GLTextureEE9_M_valptrEv
FN:146,_ZNKSt13_Rb_tree_nodeISt4pairIKi9GLTextureEE9_M_valptrEv
FN:191,_ZNSt17_Rb_tree_iteratorISt4pairIKi9GLTextureEEC2EPSt18_Rb_tree_node_base
FN:195,_ZNKSt17_Rb_tree_iteratorISt4pairIKi9GLTextureEEdeEv
FN:203,_ZNSt17_Rb_tree_iteratorISt4pairIKi9GLTextureEEppEv
FN:218,_ZNSt17_Rb_tree_iteratorISt4pairIKi9GLTextureEEmmEv
FN:233,_ZNKSt17_Rb_tree_iteratorISt4pairIKi9GLTextureEEeqERKS4_
FN:237,_ZNKSt17_Rb_tree_iteratorISt4pairIKi9GLTextureEEneERKS4_
FN:266,_ZNSt23_Rb_tree_const_iteratorISt4pairIKi9GLTextureEEC2ERKSt17_Rb_tree_iteratorIS3_E
FN:270,_ZNKSt23_Rb_tree_const_iteratorISt4pairIKi9GLTextureEE13_M_const_castEv
FN:449,_ZNSt8_Rb_treeIiSt4pairIKi9GLTextureESt10_Select1stIS3_ESt4lessIiESaIS3_EE11_Alloc_nodeC2ERS9_
FN:455,_ZNKSt8_Rb_treeIiSt4pairIKi9GLTextureESt10_Select1stIS3_ESt4lessIiESaIS3_EE11_Alloc_nodeclIS3_EEPSt13_Rb_tree_nodeIS3_ERKT_
FN:477,_ZNSt8_Rb_treeIiSt4pairIKi9GLTextureESt10_Select1stIS3_ESt4lessIiESaIS3_EE21_M_get_Node_allocatorEv
FN:481,_ZNKSt8_Rb_treeIiSt4pairIKi9GLTextureESt10_Select1stIS3_ESt4lessIiESaIS3_EE21_M_get_Node_allocatorEv
FN:485,_ZNKSt8_Rb_treeIiSt4pairIKi9GLTextureESt10_Select1stIS3_ESt4lessIiESaIS3_EE13get_allocatorEv
FN:490,_ZNSt8_Rb_treeIiSt4pairIKi9GLTextureESt10_Select1stIS3_ESt4lessIiESaIS3_EE11_M_get_nodeEv
FN:494,_ZNSt8_Rb_treeIiSt4pairIKi9GLTextureESt10_Select1stIS3_ESt4lessIiESaIS3_EE11_M_put_nodeEPSt13_Rb_tree_nodeIS3_E
FN:499,_ZNSt8_Rb_treeIiSt4pairIKi9GLTextureESt10_Select1stIS3_ESt4lessIiESaIS3_EE17_M_construct_nodeEPSt13_Rb_tree_nodeIS3_ERKS3_
FN:511,_ZNSt8_Rb_treeIiSt4pairIKi9GLTextureESt10_Select1stIS3_ESt4lessIiESaIS3_EE14_M_create_nodeERKS3_
FN:519,_ZNSt8_Rb_treeIiSt4pairIKi9GLTextureESt10_Select1stIS3_ESt4lessIiESaIS3_EE15_M_destroy_nodeEPSt13_Rb_tree_nodeIS3_E
FN:559,_ZNSt8_Rb_treeIiSt4pairIKi9GLTextureESt10_Select1stIS3_ESt4lessIiESaIS3_EE12_M_drop_nodeEPSt13_Rb_tree_nodeIS3_E
FN:580,_ZNSt8_Rb_treeIiSt4pairIKi9GLTextureESt10_Select1stIS3_ESt4lessIiESaIS3_EE13_Rb_tree_implIS7_Lb0EED2Ev
FN:586,_ZNSt8_Rb_treeIiSt4pairIKi9GLTextureESt10_Select1stIS3_ESt4lessIiESaIS3_EE13_Rb_tree_implIS7_Lb0EEC2Ev
FN:614,_ZNSt8_Rb_treeIiSt4pairIKi9GLTextureESt10_Select1stIS3_ESt4lessIiESaIS3_EE13_Rb_tree_implIS7_Lb0EE13_M_initializeEv
FN:635,_ZNSt8_Rb_treeIiSt4pairIKi9GLTextureESt10_Select1stIS3_ESt4lessIiESaIS3_EE11_M_leftmostEv
FN:643,_ZNSt8_Rb_treeIiSt4pairIKi9GLTextureESt10_Select1stIS3_ESt4lessIiESaIS3_EE12_M_rightmostEv
FN:651,_ZNSt8_Rb_treeIiSt4pairIKi9GLTextureESt10_Select1stIS3_ESt4lessIiESaIS3_EE8_M_beginEv
FN:662,_ZNSt8_Rb_treeIiSt4pairIKi9GLTextureESt10_Select1stIS3_ESt4lessIiESaIS3_EE6_M_endEv
FN:670,_ZNSt8_Rb_treeIiSt4pairIKi9GLTextureESt10_Select1stIS3_ESt4lessIiESaIS3_EE8_S_valueEPKSt13_Rb_tree_nodeIS3_E
FN:674,_ZNSt8_Rb_treeIiSt4pairIKi9GLTextureESt10_Select1stIS3_ESt4lessIiESaIS3_EE6_S_keyEPKSt13_Rb_tree_nodeIS3_E
FN:678,_ZNSt8_Rb_treeIiSt4pairIKi9GLTextureESt10_Select1stIS3_ESt4lessIiESaIS3_EE7_S_leftEPSt18_Rb_tree_node_base
FN:686,_ZNSt8_Rb_treeIiSt4pairIKi9GLTextureESt10_Select1stIS3_ESt4lessIiESaIS3_EE8_S_rightEPSt18_Rb_tree_node_base
FN:694,_ZNSt8_Rb_treeIiSt4pairIKi9GLTextureESt10_Select1stIS3_ESt4lessIiESaIS3_EE8_S_valueEPKSt18_Rb_tree_node_base
FN:698,_ZNSt8_Rb_treeIiSt4pairIKi9GLTextureESt10_Select1stIS3_ESt4lessIiESaIS3_EE6_S_keyEPKSt18_Rb_tree_node_base
FN:807,_ZNSt8_Rb_treeIiSt4pairIKi9GLTextureESt10_Select1stIS3_ESt4lessIiESaIS3_EEC2Ev
FN:857,_ZNSt8_Rb_treeIiSt4pairIKi9GLTextureESt10_Select1stIS3_ESt4lessIiESaIS3_EED2Ev
FN:865,_ZNKSt8_Rb_treeIiSt4pairIKi9GLTextureESt10_Select1stIS3_ESt4lessIiESaIS3_EE8key_compEv
FN:869,_ZNSt8_Rb_treeIiSt4pairIKi9GLTextureESt10_Select1stIS3_ESt4lessIiESaIS3_EE5beginEv
FN:877,_ZNSt8_Rb_treeIiSt4pairIKi9GLTextureESt10_Select1stIS3_ESt4lessIiESaIS3_EE3endEv
FN:905,_ZNKSt8_Rb_treeIiSt4pairIKi9GLTextureESt10_Select1stIS3_ESt4lessIiESaIS3_EE4sizeEv
FN:981,_ZNSt8_Rb_treeIiSt4pairIKi9GLTextureESt10_Select1stIS3_ESt4lessIiESaIS3_EE17_M_insert_unique_ESt23_Rb_tree_const_iteratorIS3_ERKS3_
FN:1090,_ZNSt8_Rb_treeIiSt4pairIKi9GLTextureESt10_Select1stIS3_ESt4lessIiESaIS3_EE11lower_boundERS1_
FN:1496,_ZNSt8_Rb_treeIiSt4pairIKi9GLTextureESt10_Select1stIS3_ESt4lessIiESaIS3_EE10_M_insert_INS9_11_Alloc_nodeEEESt17_Rb_tree_iteratorIS3_EPSt18_Rb_tree_node_baseSF_RKS3_RT_
FN:1606,_ZNSt8_Rb_treeIiSt4pairIKi9GLTextureESt10_Select1stIS3_ESt4lessIiESaIS3_EE8_M_eraseEPSt13_Rb_tree_nodeIS3_E
FN:1623,_ZNSt8_Rb_treeIiSt4pairIKi9GLTextureESt10_Select1stIS3_ESt4lessIiESaIS3_EE14_M_lower_boundEPSt13_Rb_tree_nodeIS3_ESC_RS1_
FN:1800,_ZNSt8_Rb_treeIiSt4pairIKi9GLTextureESt10_Select1stIS3_ESt4lessIiESaIS3_EE24_M_get_insert_unique_posERS1_
FN:1902,_ZNSt8_Rb_treeIiSt4pairIKi9GLTextureESt10_Select1stIS3_ESt4lessIiESaIS3_EE29_M_get_insert_hint_unique_posESt23_Rb_tree_const_iteratorIS3_ERS1_
FN:1963,_ZNSt8_Rb_treeIiSt4pairIKi9GLTextureESt10_Select1stIS3_ESt4lessIiESaIS3_EE17_M_insert_unique_INS9_11_Alloc_nodeEEESt17_Rb_tree_iteratorIS3_ESt23_Rb_tree_const_iteratorIS3_ERKS3_RT_
FN:2292,_ZNSt8_Rb_treeIiSt4pairIKi9GLTextureESt10_Select1stIS3_ESt4lessIiESaIS3_EE4findERS1_
FNDA:8,_ZNSt13_Rb_tree_nodeISt4pairIKi9GLTextureEE9_M_valptrEv
FNDA:2,_ZNKSt13_Rb_tree_nodeISt4pairIKi9GLTextureEE9_M_valptrEv
FNDA:24,_ZNSt17_Rb_tree_iteratorISt4pairIKi9GLTextureEEC2EPSt18_Rb_tree_node_base
FNDA:6,_ZNKSt17_Rb_tree_iteratorISt4pairIKi9GLTextureEEdeEv
FNDA:0,_ZNSt17_Rb_tree_iteratorISt4pairIKi9GLTextureEEppEv
FNDA:0,_ZNSt17_Rb_tree_iteratorISt4pairIKi9GLTextureEEmmEv
FNDA:8,_ZNKSt17_Rb_tree_iteratorISt4pairIKi9GLTextureEEeqERKS4_
FNDA:2,_ZNKSt17_Rb_tree_iteratorISt4pairIKi9GLTextureEEneERKS4_
FNDA:2,_ZNSt23_Rb_tree_const_iteratorISt4pairIKi9GLTextureEEC2ERKSt17_Rb_tree_iteratorIS3_E
FNDA:2,_ZNKSt23_Rb_tree_const_iteratorISt4pairIKi9GLTextureEE13_M_const_castEv
FNDA:2,_ZNSt8_Rb_treeIiSt4pairIKi9GLTextureESt10_Select1stIS3_ESt4lessIiESaIS3_EE11_Alloc_nodeC2ERS9_
FNDA:2,_ZNKSt8_Rb_treeIiSt4pairIKi9GLTextureESt10_Select1stIS3_ESt4lessIiESaIS3_EE11_Alloc_nodeclIS3_EEPSt13_Rb_tree_nodeIS3_ERKT_
FNDA:2,_ZNSt8_Rb_treeIiSt4pairIKi9GLTextureESt10_Select1stIS3_ESt4lessIiESaIS3_EE21_M_get_Node_allocatorEv
FNDA:2,_ZNKSt8_Rb_treeIiSt4pairIKi9GLTextureESt10_Select1stIS3_ESt4lessIiESaIS3_EE21_M_get_Node_allocatorEv
FNDA:2,_ZNKSt8_Rb_treeIiSt4pairIKi9GLTextureESt10_Select1stIS3_ESt4lessIiESaIS3_EE13get_allocatorEv
FNDA:2,_ZNSt8_Rb_treeIiSt4pairIKi9GLTextureESt10_Select1stIS3_ESt4lessIiESaIS3_EE11_M_get_nodeEv
FNDA:0,_ZNSt8_Rb_treeIiSt4pairIKi9GLTextureESt10_Select1stIS3_ESt4lessIiESaIS3_EE11_M_put_nodeEPSt13_Rb_tree_nodeIS3_E
FNDA:2,_ZNSt8_Rb_treeIiSt4pairIKi9GLTextureESt10_Select1stIS3_ESt4lessIiESaIS3_EE17_M_construct_nodeEPSt13_Rb_tree_nodeIS3_ERKS3_
FNDA:2,_ZNSt8_Rb_treeIiSt4pairIKi9GLTextureESt10_Select1stIS3_ESt4lessIiESaIS3_EE14_M_create_nodeERKS3_
FNDA:0,_ZNSt8_Rb_treeIiSt4pairIKi9GLTextureESt10_Select1stIS3_ESt4lessIiESaIS3_EE15_M_destroy_nodeEPSt13_Rb_tree_nodeIS3_E
FNDA:0,_ZNSt8_Rb_treeIiSt4pairIKi9GLTextureESt10_Select1stIS3_ESt4lessIiESaIS3_EE12_M_drop_nodeEPSt13_Rb_tree_nodeIS3_E
FNDA:0,_ZNSt8_Rb_treeIiSt4pairIKi9GLTextureESt10_Select1stIS3_ESt4lessIiESaIS3_EE13_Rb_tree_implIS7_Lb0EED2Ev
FNDA:2,_ZNSt8_Rb_treeIiSt4pairIKi9GLTextureESt10_Select1stIS3_ESt4lessIiESaIS3_EE13_Rb_tree_implIS7_Lb0EEC2Ev
FNDA:2,_ZNSt8_Rb_treeIiSt4pairIKi9GLTextureESt10_Select1stIS3_ESt4lessIiESaIS3_EE13_Rb_tree_implIS7_Lb0EE13_M_initializeEv
FNDA:0,_ZNSt8_Rb_treeIiSt4pairIKi9GLTextureESt10_Select1stIS3_ESt4lessIiESaIS3_EE11_M_leftmostEv
FNDA:0,_ZNSt8_Rb_treeIiSt4pairIKi9GLTextureESt10_Select1stIS3_ESt4lessIiESaIS3_EE12_M_rightmostEv
FNDA:8,_ZNSt8_Rb_treeIiSt4pairIKi9GLTextureESt10_Select1stIS3_ESt4lessIiESaIS3_EE8_M_beginEv
FNDA:12,_ZNSt8_Rb_treeIiSt4pairIKi9GLTextureESt10_Select1stIS3_ESt4lessIiESaIS3_EE6_M_endEv
FNDA:2,_ZNSt8_Rb_treeIiSt4pairIKi9GLTextureESt10_Select1stIS3_ESt4lessIiESaIS3_EE8_S_valueEPKSt13_Rb_tree_nodeIS3_E
FNDA:2,_ZNSt8_Rb_treeIiSt4pairIKi9GLTextureESt10_Select1stIS3_ESt4lessIiESaIS3_EE6_S_keyEPKSt13_Rb_tree_nodeIS3_E
FNDA:2,_ZNSt8_Rb_treeIiSt4pairIKi9GLTextureESt10_Select1stIS3_ESt4lessIiESaIS3_EE7_S_leftEPSt18_Rb_tree_node_base
FNDA:0,_ZNSt8_Rb_treeIiSt4pairIKi9GLTextureESt10_Select1stIS3_ESt4lessIiESaIS3_EE8_S_rightEPSt18_Rb_tree_node_base
FNDA:0,_ZNSt8_Rb_treeIiSt4pairIKi9GLTextureESt10_Select1stIS3_ESt4lessIiESaIS3_EE8_S_valueEPKSt18_Rb_tree_node_base
FNDA:0,_ZNSt8_Rb_treeIiSt4pairIKi9GLTextureESt10_Select1stIS3_ESt4lessIiESaIS3_EE6_S_keyEPKSt18_Rb_tree_node_base
FNDA:2,_ZNSt8_Rb_treeIiSt4pairIKi9GLTextureESt10_Select1stIS3_ESt4lessIiESaIS3_EEC2Ev
FNDA:0,_ZNSt8_Rb_treeIiSt4pairIKi9GLTextureESt10_Select1stIS3_ESt4lessIiESaIS3_EED2Ev
FNDA:2,_ZNKSt8_Rb_treeIiSt4pairIKi9GLTextureESt10_Select1stIS3_ESt4lessIiESaIS3_EE8key_compEv
FNDA:2,_ZNSt8_Rb_treeIiSt4pairIKi9GLTextureESt10_Select1stIS3_ESt4lessIiESaIS3_EE5beginEv
FNDA:10,_ZNSt8_Rb_treeIiSt4pairIKi9GLTextureESt10_Select1stIS3_ESt4lessIiESaIS3_EE3endEv
FNDA:2,_ZNKSt8_Rb_treeIiSt4pairIKi9GLTextureESt10_Select1stIS3_ESt4lessIiESaIS3_EE4sizeEv
FNDA:2,_ZNSt8_Rb_treeIiSt4pairIKi9GLTextureESt10_Select1stIS3_ESt4lessIiESaIS3_EE17_M_insert_unique_ESt23_Rb_tree_const_iteratorIS3_ERKS3_
FNDA:4,_ZNSt8_Rb_treeIiSt4pairIKi9GLTextureESt10_Select1stIS3_ESt4lessIiESaIS3_EE11lower_boundERS1_
FNDA:2,_ZNSt8_Rb_treeIiSt4pairIKi9GLTextureESt10_Select1stIS3_ESt4lessIiESaIS3_EE10_M_insert_INS9_11_Alloc_nodeEEESt17_Rb_tree_iteratorIS3_EPSt18_Rb_tree_node_baseSF_RKS3_RT_
FNDA:0,_ZNSt8_Rb_treeIiSt4pairIKi9GLTextureESt10_Select1stIS3_ESt4lessIiESaIS3_EE8_M_eraseEPSt13_Rb_tree_nodeIS3_E
FNDA:6,_ZNSt8_Rb_treeIiSt4pairIKi9GLTextureESt10_Select1stIS3_ESt4lessIiESaIS3_EE14_M_lower_boundEPSt13_Rb_tree_nodeIS3_ESC_RS1_
FNDA:2,_ZNSt8_Rb_treeIiSt4pairIKi9GLTextureESt10_Select1stIS3_ESt4lessIiESaIS3_EE24_M_get_insert_unique_posERS1_
FNDA:2,_ZNSt8_Rb_treeIiSt4pairIKi9GLTextureESt10_Select1stIS3_ESt4lessIiESaIS3_EE29_M_get_insert_hint_unique_posESt23_Rb_tree_const_iteratorIS3_ERS1_
FNDA:2,_ZNSt8_Rb_treeIiSt4pairIKi9GLTextureESt10_Select1stIS3_ESt4lessIiESaIS3_EE17_M_insert_unique_INS9_11_Alloc_nodeEEESt17_Rb_tree_iteratorIS3_ESt23_Rb_tree_const_iteratorIS3_ERKS3_RT_
FNDA:2,_ZNSt8_Rb_treeIiSt4pairIKi9GLTextureESt10_Select1stIS3_ESt4lessIiESaIS3_EE4findERS1_
FNF:49
FNH:36
DA:142,8
DA:143,8
DA:146,2
DA:147,2
DA:191,24
DA:192,24
DA:195,6
DA:196,6
DA:203,0
DA:205,0
DA:206,0
DA:218,0
DA:220,0
DA:221,0
DA:233,8
DA:234,8
DA:237,2
DA:238,2
DA:266,2
DA:267,2
DA:270,2
DA:271,2
DA:449,2
DA:450,2
DA:455,2
DA:459,2
DA:477,2
DA:478,2
DA:481,2
DA:482,2
DA:485,2
DA:486,2
DA:490,2
DA:491,2
DA:494,0
DA:495,0
DA:499,2
DA:502,2
DA:503,0
DA:505,0
DA:506,0
DA:508,2
DA:511,2
DA:513,2
DA:514,2
DA:515,2
DA:519,0
DA:520,0
DA:559,0
DA:561,0
DA:562,0
DA:563,0
DA:580,0
DA:586,2
DA:588,2
DA:589,2
DA:614,2
DA:616,2
DA:617,2
DA:618,2
DA:619,2
DA:620,2
DA:635,0
DA:636,0
DA:643,0
DA:644,0
DA:651,8
DA:652,8
DA:662,12
DA:663,12
DA:670,2
DA:671,2
DA:674,2
DA:675,2
DA:678,2
DA:679,2
DA:686,0
DA:687,0
DA:694,0
DA:695,0
DA:698,0
DA:699,0
DA:807,2
DA:857,0
DA:858,0
DA:865,2
DA:866,2
DA:869,2
DA:870,2
DA:877,10
DA:878,10
DA:905,2
DA:906,2
DA:981,2
DA:983,2
DA:984,2
DA:1090,4
DA:1091,4
DA:1496,2
DA:1505,2
DA:1506,2
DA:1507,6
DA:1509,2
DA:1511,2
DA:1513,2
DA:1514,2
DA:1606,0
DA:1610,0
DA:1612,0
DA:1613,0
DA:1614,0
DA:1615,0
DA:1617,0
DA:1623,8
DA:1627,10
DA:1628,2
DA:1629,2
DA:1631,0
DA:1632,6
DA:1800,2
DA:1804,2
DA:1805,2
DA:1806,2
DA:1807,2
DA:1809,0
DA:1810,0
DA:1811,0
DA:1813,2
DA:1814,2
DA:1816,2
DA:1817,2
DA:1819,0
DA:1821,0
DA:1822,0
DA:1823,0
DA:1902,2
DA:1906,2
DA:1910,2
DA:1912,2
DA:1913,0
DA:1914,0
DA:1916,2
DA:1918,0
DA:1921,0
DA:1922,0
DA:1923,0
DA:1924,0
DA:1926,0
DA:1927,0
DA:1929,0
DA:1932,0
DA:1934,0
DA:1937,0
DA:1938,0
DA:1939,0
DA:1940,0
DA:1942,0
DA:1943,0
DA:1945,0
DA:1948,0
DA:1952,0
DA:1963,2
DA:1973,2
DA:1975,2
DA:1976,2
DA:1978,2
DA:1979,0
DA:2292,2
DA:2295,2
DA:2296,8
DA:2297,0
DA:2298,8
LF:172
LH:104
end_of_record
SF:/usr/include/c++/5/bits/stl_uninitialized.h
FN:68,_ZNSt20__uninitialized_copyILb0EE13__uninit_copyIP2M4S3_EET0_T_S5_S4_
FN:68,_ZNSt20__uninitialized_copyILb0EE13__uninit_copyIPNSt7__cxx1112basic_stringIcSt11char_traitsIcESaIcEEES8_EET0_T_SA_S9_
FN:91,_ZNSt20__uninitialized_copyILb1EE13__uninit_copyIPP14TransformationS4_EET0_T_S6_S5_
FN:91,_ZNSt20__uninitialized_copyILb1EE13__uninit_copyIN9__gnu_cxx17__normal_iteratorIPKhSt6vectorIhSaIhEEEEPhEET0_T_SC_SB_
FN:91,_ZNSt20__uninitialized_copyILb1EE13__uninit_copyIP8triangleS3_EET0_T_S5_S4_
FN:91,_ZNSt20__uninitialized_copyILb1EE13__uninit_copyIPhS2_EET0_T_S4_S3_
FN:91,_ZNSt20__uninitialized_copyILb1EE13__uninit_copyIP8GLVertexS3_EET0_T_S5_S4_
FN:91,_ZNSt20__uninitialized_copyILb1EE13__uninit_copyIPP8StlShapeS4_EET0_T_S6_S5_
FN:107,_ZSt18uninitialized_copyIP8triangleS1_ET0_T_S3_S2_
FN:107,_ZSt18uninitialized_copyIN9__gnu_cxx17__normal_iteratorIPKhSt6vectorIhSaIhEEEEPhET0_T_SA_S9_
FN:107,_ZSt18uninitialized_copyIP8GLVertexS1_ET0_T_S3_S2_
FN:107,_ZSt18uninitialized_copyIPhS0_ET0_T_S2_S1_
FN:107,_ZSt18uninitialized_copyIP2M4S1_ET0_T_S3_S2_
FN:107,_ZSt18uninitialized_copyIPP14TransformationS2_ET0_T_S4_S3_
FN:107,_ZSt18uninitialized_copyIPNSt7__cxx1112basic_stringIcSt11char_traitsIcESaIcEEES6_ET0_T_S8_S7_
FN:107,_ZSt18uninitialized_copyIPP8StlShapeS2_ET0_T_S4_S3_
FN:195,_ZNSt22__uninitialized_fill_nILb0EE15__uninit_fill_nIP2M4mS2_EET_S4_T0_RKT1_
FN:218,_ZNSt22__uninitialized_fill_nILb1EE15__uninit_fill_nIPhmhEET_S3_T0_RKT1_
FN:218,_ZNSt22__uninitialized_fill_nILb1EE15__uninit_fill_nIP8GLVertexmS2_EET_S4_T0_RKT1_
FN:218,_ZNSt22__uninitialized_fill_nILb1EE15__uninit_fill_nIPP14TransformationmS3_EET_S5_T0_RKT1_
FN:218,_ZNSt22__uninitialized_fill_nILb1EE15__uninit_fill_nIPP8StlShapemS3_EET_S5_T0_RKT1_
FN:236,_ZSt20uninitialized_fill_nIPhmhET_S1_T0_RKT1_
FN:236,_ZSt20uninitialized_fill_nIP8GLVertexmS0_ET_S2_T0_RKT1_
FN:236,_ZSt20uninitialized_fill_nIPP14TransformationmS1_ET_S3_T0_RKT1_
FN:236,_ZSt20uninitialized_fill_nIP2M4mS0_ET_S2_T0_RKT1_
FN:236,_ZSt20uninitialized_fill_nIPP8StlShapemS1_ET_S3_T0_RKT1_
FN:279,_ZSt22__uninitialized_copy_aIPNSt7__cxx1112basic_stringIcSt11char_traitsIcESaIcEEES6_S5_ET0_T_S8_S7_RSaIT1_E
FN:279,_ZSt22__uninitialized_copy_aIPP14TransformationS2_S1_ET0_T_S4_S3_RSaIT1_E
FN:279,_ZSt22__uninitialized_copy_aIN9__gnu_cxx17__normal_iteratorIPKhSt6vectorIhSaIhEEEEPhhET0_T_SA_S9_RSaIT1_E
FN:279,_ZSt22__uninitialized_copy_aIP8GLVertexS1_S0_ET0_T_S3_S2_RSaIT1_E
FN:279,_ZSt22__uninitialized_copy_aIPhS0_hET0_T_S2_S1_RSaIT1_E
FN:279,_ZSt22__uninitialized_copy_aIPP8StlShapeS2_S1_ET0_T_S4_S3_RSaIT1_E
FN:279,_ZSt22__uninitialized_copy_aIP2M4S1_S0_ET0_T_S3_S2_RSaIT1_E
FN:279,_ZSt22__uninitialized_copy_aIP8triangleS1_S0_ET0_T_S3_S2_RSaIT1_E
FN:286,_ZSt22__uninitialized_move_aIPP8StlShapeS2_SaIS1_EET0_T_S5_S4_RT1_
FN:286,_ZSt22__uninitialized_move_aIP8GLVertexS1_SaIS0_EET0_T_S4_S3_RT1_
FN:286,_ZSt22__uninitialized_move_aIP2M4S1_SaIS0_EET0_T_S4_S3_RT1_
FN:286,_ZSt22__uninitialized_move_aIPhS0_SaIhEET0_T_S3_S2_RT1_
FN:286,_ZSt22__uninitialized_move_aIPP14TransformationS2_SaIS1_EET0_T_S5_S4_RT1_
FN:297,_ZSt34__uninitialized_move_if_noexcept_aIP8GLVertexS1_SaIS0_EET0_T_S4_S3_RT1_
FN:297,_ZSt34__uninitialized_move_if_noexcept_aIP8triangleS1_SaIS0_EET0_T_S4_S3_RT1_
FN:297,_ZSt34__uninitialized_move_if_noexcept_aIPhS0_SaIhEET0_T_S3_S2_RT1_
FN:297,_ZSt34__uninitialized_move_if_noexcept_aIPP14TransformationS2_SaIS1_EET0_T_S5_S4_RT1_
FN:297,_ZSt34__uninitialized_move_if_noexcept_aIP2M4S1_SaIS0_EET0_T_S4_S3_RT1_
FN:297,_ZSt34__uninitialized_move_if_noexcept_aIPP8StlShapeS2_SaIS1_EET0_T_S5_S4_RT1_
FN:297,_ZSt34__uninitialized_move_if_noexcept_aIPNSt7__cxx1112basic_stringIcSt11char_traitsIcESaIcEEES6_SaIS5_EET0_T_S9_S8_RT1_
FN:356,_ZSt24__uninitialized_fill_n_aIPhmhhET_S1_T0_RKT1_RSaIT2_E
FN:356,_ZSt24__uninitialized_fill_n_aIP2M4mS0_S0_ET_S2_T0_RKT1_RSaIT2_E
FN:356,_ZSt24__uninitialized_fill_n_aIP8GLVertexmS0_S0_ET_S2_T0_RKT1_RSaIT2_E
FN:356,_ZSt24__uninitialized_fill_n_aIPP8StlShapemS1_S1_ET_S3_T0_RKT1_RSaIT2_E
FN:356,_ZSt24__uninitialized_fill_n_aIPP14TransformationmS1_S1_ET_S3_T0_RKT1_RSaIT2_E
FNDA:12,_ZNSt20__uninitialized_copyILb0EE13__uninit_copyIP2M4S3_EET0_T_S5_S4_
FNDA:40,_ZNSt20__uninitialized_copyILb0EE13__uninit_copyIPNSt7__cxx1112basic_stringIcSt11char_traitsIcESaIcEEES8_EET0_T_SA_S9_
FNDA:4,_ZNSt20__uninitialized_copyILb1EE13__uninit_copyIPP14TransformationS4_EET0_T_S6_S5_
FNDA:4,_ZNSt20__uninitialized_copyILb1EE13__uninit_copyIPP8StlShapeS4_EET0_T_S6_S5_
FNDA:4,_ZNSt20__uninitialized_copyILb1EE13__uninit_copyIP8GLVertexS3_EET0_T_S5_S4_
FNDA:308,_ZNSt20__uninitialized_copyILb1EE13__uninit_copyIP8triangleS3_EET0_T_S5_S4_
FNDA:44,_ZNSt20__uninitialized_copyILb1EE13__uninit_copyIN9__gnu_cxx17__normal_iteratorIPKhSt6vectorIhSaIhEEEEPhEET0_T_SC_SB_
FNDA:0,_ZNSt20__uninitialized_copyILb1EE13__uninit_copyIPhS2_EET0_T_S4_S3_
FNDA:4,_ZSt18uninitialized_copyIPP14TransformationS2_ET0_T_S4_S3_
FNDA:4,_ZSt18uninitialized_copyIPP8StlShapeS2_ET0_T_S4_S3_
FNDA:4,_ZSt18uninitialized_copyIP8GLVertexS1_ET0_T_S3_S2_
FNDA:12,_ZSt18uninitialized_copyIP2M4S1_ET0_T_S3_S2_
FNDA:308,_ZSt18uninitialized_copyIP8triangleS1_ET0_T_S3_S2_
FNDA:40,_ZSt18uninitialized_copyIPNSt7__cxx1112basic_stringIcSt11char_traitsIcESaIcEEES6_ET0_T_S8_S7_
FNDA:44,_ZSt18uninitialized_copyIN9__gnu_cxx17__normal_iteratorIPKhSt6vectorIhSaIhEEEEPhET0_T_SA_S9_
FNDA:0,_ZSt18uninitialized_copyIPhS0_ET0_T_S2_S1_
FNDA:6,_ZNSt22__uninitialized_fill_nILb0EE15__uninit_fill_nIP2M4mS2_EET_S4_T0_RKT1_
FNDA:2,_ZNSt22__uninitialized_fill_nILb1EE15__uninit_fill_nIPP14TransformationmS3_EET_S5_T0_RKT1_
FNDA:2,_ZNSt22__uninitialized_fill_nILb1EE15__uninit_fill_nIPP8StlShapemS3_EET_S5_T0_RKT1_
FNDA:0,_ZNSt22__uninitialized_fill_nILb1EE15__uninit_fill_nIPhmhEET_S3_T0_RKT1_
FNDA:2,_ZNSt22__uninitialized_fill_nILb1EE15__uninit_fill_nIP8GLVertexmS2_EET_S4_T0_RKT1_
FNDA:2,_ZSt20uninitialized_fill_nIPP14TransformationmS1_ET_S3_T0_RKT1_
FNDA:2,_ZSt20uninitialized_fill_nIPP8StlShapemS1_ET_S3_T0_RKT1_
FNDA:0,_ZSt20uninitialized_fill_nIPhmhET_S1_T0_RKT1_
FNDA:2,_ZSt20uninitialized_fill_nIP8GLVertexmS0_ET_S2_T0_RKT1_
FNDA:6,_ZSt20uninitialized_fill_nIP2M4mS0_ET_S2_T0_RKT1_
FNDA:4,_ZSt22__uninitialized_copy_aIPP14TransformationS2_S1_ET0_T_S4_S3_RSaIT1_E
FNDA:4,_ZSt22__uninitialized_copy_aIPP8StlShapeS2_S1_ET0_T_S4_S3_RSaIT1_E
FNDA:4,_ZSt22__uninitialized_copy_aIP8GLVertexS1_S0_ET0_T_S3_S2_RSaIT1_E
FNDA:12,_ZSt22__uninitialized_copy_aIP2M4S1_S0_ET0_T_S3_S2_RSaIT1_E
FNDA:308,_ZSt22__uninitialized_copy_aIP8triangleS1_S0_ET0_T_S3_S2_RSaIT1_E
FNDA:40,_ZSt22__uninitialized_copy_aIPNSt7__cxx1112basic_stringIcSt11char_traitsIcESaIcEEES6_S5_ET0_T_S8_S7_RSaIT1_E
FNDA:44,_ZSt22__uninitialized_copy_aIN9__gnu_cxx17__normal_iteratorIPKhSt6vectorIhSaIhEEEEPhhET0_T_SA_S9_RSaIT1_E
FNDA:0,_ZSt22__uninitialized_copy_aIPhS0_hET0_T_S2_S1_RSaIT1_E
FNDA:0,_ZSt22__uninitialized_move_aIPP14TransformationS2_SaIS1_EET0_T_S5_S4_RT1_
FNDA:0,_ZSt22__uninitialized_move_aIPP8StlShapeS2_SaIS1_EET0_T_S5_S4_RT1_
FNDA:0,_ZSt22__uninitialized_move_aIPhS0_SaIhEET0_T_S3_S2_RT1_
FNDA:0,_ZSt22__uninitialized_move_aIP8GLVertexS1_SaIS0_EET0_T_S4_S3_RT1_
FNDA:0,_ZSt22__uninitialized_move_aIP2M4S1_SaIS0_EET0_T_S4_S3_RT1_
FNDA:4,_ZSt34__uninitialized_move_if_noexcept_aIPP14TransformationS2_SaIS1_EET0_T_S5_S4_RT1_
FNDA:4,_ZSt34__uninitialized_move_if_noexcept_aIPP8StlShapeS2_SaIS1_EET0_T_S5_S4_RT1_
FNDA:0,_ZSt34__uninitialized_move_if_noexcept_aIPhS0_SaIhEET0_T_S3_S2_RT1_
FNDA:4,_ZSt34__uninitialized_move_if_noexcept_aIP8GLVertexS1_SaIS0_EET0_T_S4_S3_RT1_
FNDA:12,_ZSt34__uninitialized_move_if_noexcept_aIP2M4S1_SaIS0_EET0_T_S4_S3_RT1_
FNDA:308,_ZSt34__uninitialized_move_if_noexcept_aIP8triangleS1_SaIS0_EET0_T_S4_S3_RT1_
FNDA:40,_ZSt34__uninitialized_move_if_noexcept_aIPNSt7__cxx1112basic_stringIcSt11char_traitsIcESaIcEEES6_SaIS5_EET0_T_S9_S8_RT1_
FNDA:2,_ZSt24__uninitialized_fill_n_aIPP14TransformationmS1_S1_ET_S3_T0_RKT1_RSaIT2_E
FNDA:2,_ZSt24__uninitialized_fill_n_aIPP8StlShapemS1_S1_ET_S3_T0_RKT1_RSaIT2_E
FNDA:0,_ZSt24__uninitialized_fill_n_aIPhmhhET_S1_T0_RKT1_RSaIT2_E
FNDA:2,_ZSt24__uninitialized_fill_n_aIP8GLVertexmS0_S0_ET_S2_T0_RKT1_RSaIT2_E
FNDA:6,_ZSt24__uninitialized_fill_n_aIP2M4mS0_S0_ET_S2_T0_RKT1_RSaIT2_E
FNF:51
FNH:39
DA:68,52
DA:71,52
DA:74,172
DA:75,60
DA:76,52
DA:78,0
DA:80,0
DA:81,0
DA:91,364
DA:93,364
DA:107,416
DA:115,416
DA:126,416
DA:195,6
DA:198,6
DA:201,198
DA:202,96
DA:203,6
DA:218,6
DA:220,6
DA:236,12
DA:241,12
DA:247,12
DA:279,416
DA:281,416
DA:286,0
DA:291,0
DA:297,372
DA:304,372
DA:356,12
DA:358,12
LF:31
LH:26
end_of_record
SF:/usr/include/c++/5/bits/stl_vector.h
FN:79,_ZNSt12_Vector_baseI8triangleSaIS0_EE12_Vector_implD2Ev
FN:79,_ZNSt12_Vector_baseINSt7__cxx1112basic_stringIcSt11char_traitsIcESaIcEEESaIS5_EE12_Vector_implD2Ev
FN:79,_ZNSt12_Vector_baseI2M4SaIS0_EE12_Vector_implD2Ev
FN:79,_ZNSt12_Vector_baseIhSaIhEE12_Vector_implD2Ev
FN:79,_ZNSt12_Vector_baseI8GLVertexSaIS0_EE12_Vector_implD2Ev
FN:79,_ZNSt12_Vector_baseIP8StlShapeSaIS1_EE12_Vector_implD2Ev
FN:79,_ZNSt12_Vector_baseIP14TransformationSaIS1_EE12_Vector_implD2Ev
FN:86,_ZNSt12_Vector_baseI8triangleSaIS0_EE12_Vector_implC2Ev
FN:86,_ZNSt12_Vector_baseIhSaIhEE12_Vector_implC2Ev
FN:86,_ZNSt12_Vector_baseIP8StlShapeSaIS1_EE12_Vector_implC2Ev
FN:86,_ZNSt12_Vector_baseINSt7__cxx1112basic_stringIcSt11char_traitsIcESaIcEEESaIS5_EE12_Vector_implC2Ev
FN:86,_ZNSt12_Vector_baseIP14TransformationSaIS1_EE12_Vector_implC2Ev
FN:86,_ZNSt12_Vector_baseI2M4SaIS0_EE12_Vector_implC2Ev
FN:86,_ZNSt12_Vector_baseI8GLVertexSaIS0_EE12_Vector_implC2Ev
FN:90,_ZNSt12_Vector_baseIhSaIhEE12_Vector_implC2ERKS0_
FN:113,_ZNSt12_Vector_baseIhSaIhEE19_M_get_Tp_allocatorEv
FN:113,_ZNSt12_Vector_baseI8triangleSaIS0_EE19_M_get_Tp_allocatorEv
FN:113,_ZNSt12_Vector_baseIP14TransformationSaIS1_EE19_M_get_Tp_allocatorEv
FN:113,_ZNSt12_Vector_baseI2M4SaIS0_EE19_M_get_Tp_allocatorEv
FN:113,_ZNSt12_Vector_baseINSt7__cxx1112basic_stringIcSt11char_traitsIcESaIcEEESaIS5_EE19_M_get_Tp_allocatorEv
FN:113,_ZNSt12_Vector_baseIP8StlShapeSaIS1_EE19_M_get_Tp_allocatorEv
FN:113,_ZNSt12_Vector_baseI8GLVertexSaIS0_EE19_M_get_Tp_allocatorEv
FN:117,_ZNKSt12_Vector_baseI8GLVertexSaIS0_EE19_M_get_Tp_allocatorEv
FN:117,_ZNKSt12_Vector_baseI8triangleSaIS0_EE19_M_get_Tp_allocatorEv
FN:117,_ZNKSt12_Vector_baseINSt7__cxx1112basic_stringIcSt11char_traitsIcESaIcEEESaIS5_EE19_M_get_Tp_allocatorEv
FN:117,_ZNKSt12_Vector_baseIP8StlShapeSaIS1_EE19_M_get_Tp_allocatorEv
FN:117,_ZNKSt12_Vector_baseIhSaIhEE19_M_get_Tp_allocatorEv
FN:117,_ZNKSt12_Vector_baseIP14TransformationSaIS1_EE19_M_get_Tp_allocatorEv
FN:117,_ZNKSt12_Vector_baseI2M4SaIS0_EE19_M_get_Tp_allocatorEv
FN:124,_ZNSt12_Vector_baseI8GLVertexSaIS0_EEC2Ev
FN:124,_ZNSt12_Vector_baseIhSaIhEEC2Ev
FN:124,_ZNSt12_Vector_baseI2M4SaIS0_EEC2Ev
FN:124,_ZNSt12_Vector_baseINSt7__cxx1112basic_stringIcSt11char_traitsIcESaIcEEESaIS5_EEC2Ev
FN:124,_ZNSt12_Vector_baseIP8StlShapeSaIS1_EEC2Ev
FN:124,_ZNSt12_Vector_baseIP14TransformationSaIS1_EEC2Ev
FN:124,_ZNSt12_Vector_baseI8triangleSaIS0_EEC2Ev
FN:134,_ZNSt12_Vector_baseIhSaIhEEC2EmRKS0_
FN:159,_ZNSt12_Vector_baseI8GLVertexSaIS0_EED2Ev
FN:159,_ZNSt12_Vector_baseI2M4SaIS0_EED2Ev
FN:159,_ZNSt12_Vector_baseIhSaIhEED2Ev
FN:159,_ZNSt12_Vector_baseIP14TransformationSaIS1_EED2Ev
FN:159,_ZNSt12_Vector_baseIP8StlShapeSaIS1_EED2Ev
FN:159,_ZNSt12_Vector_baseI8triangleSaIS0_EED2Ev
FN:159,_ZNSt12_Vector_baseINSt7__cxx1112basic_stringIcSt11char_traitsIcESaIcEEESaIS5_EED2Ev
FN:167,_ZNSt12_Vector_baseINSt7__cxx1112basic_stringIcSt11char_traitsIcESaIcEEESaIS5_EE11_M_allocateEm
FN:167,_ZNSt12_Vector_baseIhSaIhEE11_M_allocateEm
FN:167,_ZNSt12_Vector_baseI8GLVertexSaIS0_EE11_M_allocateEm
FN:167,_ZNSt12_Vector_baseI2M4SaIS0_EE11_M_allocateEm
FN:167,_ZNSt12_Vector_baseI8triangleSaIS0_EE11_M_allocateEm
FN:167,_ZNSt12_Vector_baseIP8StlShapeSaIS1_EE11_M_allocateEm
FN:167,_ZNSt12_Vector_baseIP14TransformationSaIS1_EE11_M_allocateEm
FN:174,_ZNSt12_Vector_baseINSt7__cxx1112basic_stringIcSt11char_traitsIcESaIcEEESaIS5_EE13_M_deallocateEPS5_m
FN:174,_ZNSt12_Vector_baseI8triangleSaIS0_EE13_M_deallocateEPS0_m
FN:174,_ZNSt12_Vector_baseI8GLVertexSaIS0_EE13_M_deallocateEPS0_m
FN:174,_ZNSt12_Vector_baseIP8StlShapeSaIS1_EE13_M_deallocateEPS1_m
FN:174,_ZNSt12_Vector_baseIhSaIhEE13_M_deallocateEPhm
FN:174,_ZNSt12_Vector_baseI2M4SaIS0_EE13_M_deallocateEPS0_m
FN:174,_ZNSt12_Vector_baseIP14TransformationSaIS1_EE13_M_deallocateEPS1_m
FN:183,_ZNSt12_Vector_baseIhSaIhEE17_M_create_storageEm
FN:253,_ZNSt6vectorINSt7__cxx1112basic_stringIcSt11char_traitsIcESaIcEEESaIS5_EEC2Ev
FN:253,_ZNSt6vectorIhSaIhEEC2Ev
FN:253,_ZNSt6vectorI2M4SaIS0_EEC2Ev
FN:253,_ZNSt6vectorIP8StlShapeSaIS1_EEC2Ev
FN:253,_ZNSt6vectorI8triangleSaIS0_EEC2Ev
FN:253,_ZNSt6vectorIP14TransformationSaIS1_EEC2Ev
FN:253,_ZNSt6vectorI8GLVertexSaIS0_EEC2Ev
FN:318,_ZNSt6vectorIhSaIhEEC2ERKS1_
FN:423,_ZNSt6vectorINSt7__cxx1112basic_stringIcSt11char_traitsIcESaIcEEESaIS5_EED2Ev
FN:423,_ZNSt6vectorIhSaIhEED2Ev
FN:423,_ZNSt6vectorI8triangleSaIS0_EED2Ev
FN:423,_ZNSt6vectorIP8StlShapeSaIS1_EED2Ev
FN:423,_ZNSt6vectorIP14TransformationSaIS1_EED2Ev
FN:423,_ZNSt6vectorI2M4SaIS0_EED2Ev
FN:423,_ZNSt6vectorI8GLVertexSaIS0_EED2Ev
FN:547,_ZNSt6vectorINSt7__cxx1112basic_stringIcSt11char_traitsIcESaIcEEESaIS5_EE5beginEv
FN:547,_ZNSt6vectorI8GLVertexSaIS0_EE5beginEv
FN:547,_ZNSt6vectorI8triangleSaIS0_EE5beginEv
FN:547,_ZNSt6vectorIhSaIhEE5beginEv
FN:547,_ZNSt6vectorIP8StlShapeSaIS1_EE5beginEv
FN:547,_ZNSt6vectorIP14TransformationSaIS1_EE5beginEv
FN:547,_ZNSt6vectorI2M4SaIS0_EE5beginEv
FN:556,_ZNKSt6vectorIhSaIhEE5beginEv
FN:565,_ZNSt6vectorIP14TransformationSaIS1_EE3endEv
FN:565,_ZNSt6vectorIP8StlShapeSaIS1_EE3endEv
FN:565,_ZNSt6vectorI2M4SaIS0_EE3endEv
FN:565,_ZNSt6vectorIhSaIhEE3endEv
FN:565,_ZNSt6vectorI8GLVertexSaIS0_EE3endEv
FN:565,_ZNSt6vectorI8triangleSaIS0_EE3endEv
FN:565,_ZNSt6vectorINSt7__cxx1112basic_stringIcSt11char_traitsIcESaIcEEESaIS5_EE3endEv
FN:574,_ZNKSt6vectorIhSaIhEE3endEv
FN:654,_ZNKSt6vectorI2M4SaIS0_EE4sizeEv
FN:654,_ZNKSt6vectorINSt7__cxx1112basic_stringIcSt11char_traitsIcESaIcEEESaIS5_EE4sizeEv
FN:654,_ZNKSt6vectorIhSaIhEE4sizeEv
FN:654,_ZNKSt6vectorIP14TransformationSaIS1_EE4sizeEv
FN:654,_ZNKSt6vectorI8GLVertexSaIS0_EE4sizeEv
FN:654,_ZNKSt6vectorIP8StlShapeSaIS1_EE4sizeEv
FN:654,_ZNKSt6vectorI8triangleSaIS0_EE4sizeEv
FN:659,_ZNKSt6vectorI2M4SaIS0_EE8max_sizeEv
FN:659,_ZNKSt6vectorI8triangleSaIS0_EE8max_sizeEv
FN:659,_ZNKSt6vectorINSt7__cxx1112basic_stringIcSt11char_traitsIcESaIcEEESaIS5_EE8max_sizeEv
FN:659,_ZNKSt6vectorIP8StlShapeSaIS1_EE8max_sizeEv
FN:659,_ZNKSt6vectorIhSaIhEE8max_sizeEv
FN:659,_ZNKSt6vectorIP14TransformationSaIS1_EE8max_sizeEv
FN:659,_ZNKSt6vectorI8GLVertexSaIS0_EE8max_sizeEv
FN:713,_ZNSt6vectorIP14TransformationSaIS1_EE6resizeEmS1_
FN:713,_ZNSt6vectorIP8StlShapeSaIS1_EE6resizeEmS1_
FN:713,_ZNSt6vectorI2M4SaIS0_EE6resizeEmS0_
FN:713,_ZNSt6vectorI8GLVertexSaIS0_EE6resizeEmS0_
FN:713,_ZNSt6vectorIhSaIhEE6resizeEmh
FN:734,_ZNKSt6vectorIhSaIhEE8capacityEv
FN:779,_ZNSt6vectorIP14TransformationSaIS1_EEixEm
FN:779,_ZNSt6vectorIP8StlShapeSaIS1_EEixEm
FN:779,_ZNSt6vectorI8triangleSaIS0_EEixEm
FN:779,_ZNSt6vectorIhSaIhEEixEm
FN:779,_ZNSt6vectorI2M4SaIS0_EEixEm
FN:779,_ZNSt6vectorINSt7__cxx1112basic_stringIcSt11char_traitsIcESaIcEEESaIS5_EEixEm
FN:779,_ZNSt6vectorI8GLVertexSaIS0_EEixEm
FN:913,_ZNSt6vectorINSt7__cxx1112basic_stringIcSt11char_traitsIcESaIcEEESaIS5_EE9push_backERKS5_
FN:913,_ZNSt6vectorI8triangleSaIS0_EE9push_backERKS0_
FN:1072,_ZNSt6vectorI8GLVertexSaIS0_EE6insertEN9__gnu_cxx17__normal_iteratorIPS0_S2_EEmRKS0_
FN:1072,_ZNSt6vectorIP8StlShapeSaIS1_EE6insertEN9__gnu_cxx17__normal_iteratorIPS1_S3_EEmRKS1_
FN:1072,_ZNSt6vectorIhSaIhEE6insertEN9__gnu_cxx17__normal_iteratorIPhS1_EEmRKh
FN:1072,_ZNSt6vectorI2M4SaIS0_EE6insertEN9__gnu_cxx17__normal_iteratorIPS0_S2_EEmRKS0_
FN:1072,_ZNSt6vectorIP14TransformationSaIS1_EE6insertEN9__gnu_cxx17__normal_iteratorIPS1_S3_EEmRKS1_
FN:1211,_ZNSt6vectorINSt7__cxx1112basic_stringIcSt11char_traitsIcESaIcEEESaIS5_EE5clearEv
FN:1221,_ZNSt6vectorIhSaIhEE20_M_allocate_and_copyIN9__gnu_cxx17__normal_iteratorIPKhS1_EEEEPhmT_S9_
FN:1422,_ZNKSt6vectorI8GLVertexSaIS0_EE12_M_check_lenEmPKc
FN:1422,_ZNKSt6vectorI2M4SaIS0_EE12_M_check_lenEmPKc
FN:1422,_ZNKSt6vectorI8triangleSaIS0_EE12_M_check_lenEmPKc
FN:1422,_ZNKSt6vectorIP8StlShapeSaIS1_EE12_M_check_lenEmPKc
FN:1422,_ZNKSt6vectorIP14TransformationSaIS1_EE12_M_check_lenEmPKc
FN:1422,_ZNKSt6vectorIhSaIhEE12_M_check_lenEmPKc
FN:1422,_ZNKSt6vectorINSt7__cxx1112basic_stringIcSt11char_traitsIcESaIcEEESaIS5_EE12_M_check_lenEmPKc
FN:1436,_ZNSt6vectorIP8StlShapeSaIS1_EE15_M_erase_at_endEPS1_
FN:1436,_ZNSt6vectorIhSaIhEE15_M_erase_at_endEPh
FN:1436,_ZNSt6vectorI8GLVertexSaIS0_EE15_M_erase_at_endEPS0_
FN:1436,_ZNSt6vectorIP14TransformationSaIS1_EE15_M_erase_at_endEPS1_
FN:1436,_ZNSt6vectorI2M4SaIS0_EE15_M_erase_at_endEPS0_
FN:1436,_ZNSt6vectorINSt7__cxx1112basic_stringIcSt11char_traitsIcESaIcEEESaIS5_EE15_M_erase_at_endEPS5_
FNDA:4,_ZNSt12_Vector_baseINSt7__cxx1112basic_stringIcSt11char_traitsIcESaIcEEESaIS5_EE12_Vector_implD2Ev
FNDA:0,_ZNSt12_Vector_baseI8GLVertexSaIS0_EE12_Vector_implD2Ev
FNDA:0,_ZNSt12_Vector_baseI2M4SaIS0_EE12_Vector_implD2Ev
FNDA:0,_ZNSt12_Vector_baseIP14TransformationSaIS1_EE12_Vector_implD2Ev
FNDA:0,_ZNSt12_Vector_baseIP8StlShapeSaIS1_EE12_Vector_implD2Ev
FNDA:0,_ZNSt12_Vector_baseI8triangleSaIS0_EE12_Vector_implD2Ev
FNDA:66,_ZNSt12_Vector_baseIhSaIhEE12_Vector_implD2Ev
FNDA:4,_ZNSt12_Vector_baseINSt7__cxx1112basic_stringIcSt11char_traitsIcESaIcEEESaIS5_EE12_Vector_implC2Ev
FNDA:2,_ZNSt12_Vector_baseI8GLVertexSaIS0_EE12_Vector_implC2Ev
FNDA:6,_ZNSt12_Vector_baseI2M4SaIS0_EE12_Vector_implC2Ev
FNDA:2,_ZNSt12_Vector_baseIP14TransformationSaIS1_EE12_Vector_implC2Ev
FNDA:2,_ZNSt12_Vector_baseIP8StlShapeSaIS1_EE12_Vector_implC2Ev
FNDA:14,_ZNSt12_Vector_baseI8triangleSaIS0_EE12_Vector_implC2Ev
FNDA:44,_ZNSt12_Vector_baseIhSaIhEE12_Vector_implC2Ev
FNDA:44,_ZNSt12_Vector_baseIhSaIhEE12_Vector_implC2ERKS0_
FNDA:84,_ZNSt12_Vector_baseINSt7__cxx1112basic_stringIcSt11char_traitsIcESaIcEEESaIS5_EE19_M_get_Tp_allocatorEv
FNDA:8,_ZNSt12_Vector_baseI8GLVertexSaIS0_EE19_M_get_Tp_allocatorEv
FNDA:24,_ZNSt12_Vector_baseI2M4SaIS0_EE19_M_get_Tp_allocatorEv
FNDA:8,_ZNSt12_Vector_baseIP14TransformationSaIS1_EE19_M_get_Tp_allocatorEv
FNDA:8,_ZNSt12_Vector_baseIP8StlShapeSaIS1_EE19_M_get_Tp_allocatorEv
FNDA:462,_ZNSt12_Vector_baseI8triangleSaIS0_EE19_M_get_Tp_allocatorEv
FNDA:132,_ZNSt12_Vector_baseIhSaIhEE19_M_get_Tp_allocatorEv
FNDA:4,_ZNKSt12_Vector_baseIP14TransformationSaIS1_EE19_M_get_Tp_allocatorEv
FNDA:4,_ZNKSt12_Vector_baseIP8StlShapeSaIS1_EE19_M_get_Tp_allocatorEv
FNDA:4,_ZNKSt12_Vector_baseI8GLVertexSaIS0_EE19_M_get_Tp_allocatorEv
FNDA:12,_ZNKSt12_Vector_baseI2M4SaIS0_EE19_M_get_Tp_allocatorEv
FNDA:308,_ZNKSt12_Vector_baseI8triangleSaIS0_EE19_M_get_Tp_allocatorEv
FNDA:40,_ZNKSt12_Vector_baseINSt7__cxx1112basic_stringIcSt11char_traitsIcESaIcEEESaIS5_EE19_M_get_Tp_allocatorEv
FNDA:44,_ZNKSt12_Vector_baseIhSaIhEE19_M_get_Tp_allocatorEv
FNDA:4,_ZNSt12_Vector_baseINSt7__cxx1112basic_stringIcSt11char_traitsIcESaIcEEESaIS5_EEC2Ev
FNDA:2,_ZNSt12_Vector_baseI8GLVertexSaIS0_EEC2Ev
FNDA:6,_ZNSt12_Vector_baseI2M4SaIS0_EEC2Ev
FNDA:2,_ZNSt12_Vector_baseIP14TransformationSaIS1_EEC2Ev
FNDA:2,_ZNSt12_Vector_baseIP8StlShapeSaIS1_EEC2Ev
FNDA:14,_ZNSt12_Vector_baseI8triangleSaIS0_EEC2Ev
FNDA:44,_ZNSt12_Vector_baseIhSaIhEEC2Ev
FNDA:44,_ZNSt12_Vector_baseIhSaIhEEC2EmRKS0_
FNDA:4,_ZNSt12_Vector_baseINSt7__cxx1112basic_stringIcSt11char_traitsIcESaIcEEESaIS5_EED2Ev
FNDA:0,_ZNSt12_Vector_baseI8GLVertexSaIS0_EED2Ev
FNDA:0,_ZNSt12_Vector_baseI2M4SaIS0_EED2Ev
FNDA:0,_ZNSt12_Vector_baseIP14TransformationSaIS1_EED2Ev
FNDA:0,_ZNSt12_Vector_baseIP8StlShapeSaIS1_EED2Ev
FNDA:0,_ZNSt12_Vector_baseI8triangleSaIS0_EED2Ev
FNDA:66,_ZNSt12_Vector_baseIhSaIhEED2Ev
FNDA:2,_ZNSt12_Vector_baseIP14TransformationSaIS1_EE11_M_allocateEm
FNDA:2,_ZNSt12_Vector_baseIP8StlShapeSaIS1_EE11_M_allocateEm
FNDA:2,_ZNSt12_Vector_baseI8GLVertexSaIS0_EE11_M_allocateEm
FNDA:6,_ZNSt12_Vector_baseI2M4SaIS0_EE11_M_allocateEm
FNDA:154,_ZNSt12_Vector_baseI8triangleSaIS0_EE11_M_allocateEm
FNDA:44,_ZNSt12_Vector_baseIhSaIhEE11_M_allocateEm
FNDA:20,_ZNSt12_Vector_baseINSt7__cxx1112basic_stringIcSt11char_traitsIcESaIcEEESaIS5_EE11_M_allocateEm
FNDA:2,_ZNSt12_Vector_baseI8GLVertexSaIS0_EE13_M_deallocateEPS0_m
FNDA:6,_ZNSt12_Vector_baseI2M4SaIS0_EE13_M_deallocateEPS0_m
FNDA:2,_ZNSt12_Vector_baseIP14TransformationSaIS1_EE13_M_deallocateEPS1_m
FNDA:2,_ZNSt12_Vector_baseIP8StlShapeSaIS1_EE13_M_deallocateEPS1_m
FNDA:154,_ZNSt12_Vector_baseI8triangleSaIS0_EE13_M_deallocateEPS0_m
FNDA:24,_ZNSt12_Vector_baseINSt7__cxx1112basic_stringIcSt11char_traitsIcESaIcEEESaIS5_EE13_M_deallocateEPS5_m
FNDA:66,_ZNSt12_Vector_baseIhSaIhEE13_M_deallocateEPhm
FNDA:44,_ZNSt12_Vector_baseIhSaIhEE17_M_create_storageEm
FNDA:4,_ZNSt6vectorINSt7__cxx1112basic_stringIcSt11char_traitsIcESaIcEEESaIS5_EEC2Ev
FNDA:2,_ZNSt6vectorI8GLVertexSaIS0_EEC2Ev
FNDA:6,_ZNSt6vectorI2M4SaIS0_EEC2Ev
FNDA:2,_ZNSt6vectorIP14TransformationSaIS1_EEC2Ev
FNDA:2,_ZNSt6vectorIP8StlShapeSaIS1_EEC2Ev
FNDA:14,_ZNSt6vectorI8triangleSaIS0_EEC2Ev
FNDA:44,_ZNSt6vectorIhSaIhEEC2Ev
FNDA:44,_ZNSt6vectorIhSaIhEEC2ERKS1_
FNDA:4,_ZNSt6vectorINSt7__cxx1112basic_stringIcSt11char_traitsIcESaIcEEESaIS5_EED2Ev
FNDA:0,_ZNSt6vectorI8GLVertexSaIS0_EED2Ev
FNDA:0,_ZNSt6vectorI2M4SaIS0_EED2Ev
FNDA:0,_ZNSt6vectorIP14TransformationSaIS1_EED2Ev
FNDA:0,_ZNSt6vectorIP8StlShapeSaIS1_EED2Ev
FNDA:0,_ZNSt6vectorI8triangleSaIS0_EED2Ev
FNDA:66,_ZNSt6vectorIhSaIhEED2Ev
FNDA:2,_ZNSt6vectorIP14TransformationSaIS1_EE5beginEv
FNDA:2,_ZNSt6vectorIP8StlShapeSaIS1_EE5beginEv
FNDA:2,_ZNSt6vectorI8GLVertexSaIS0_EE5beginEv
FNDA:6,_ZNSt6vectorI2M4SaIS0_EE5beginEv
FNDA:154,_ZNSt6vectorI8triangleSaIS0_EE5beginEv
FNDA:20,_ZNSt6vectorINSt7__cxx1112basic_stringIcSt11char_traitsIcESaIcEEESaIS5_EE5beginEv
FNDA:22,_ZNSt6vectorIhSaIhEE5beginEv
FNDA:66,_ZNKSt6vectorIhSaIhEE5beginEv
FNDA:2,_ZNSt6vectorIP14TransformationSaIS1_EE3endEv
FNDA:2,_ZNSt6vectorIP8StlShapeSaIS1_EE3endEv
FNDA:154,_ZNSt6vectorI8triangleSaIS0_EE3endEv
FNDA:22,_ZNSt6vectorIhSaIhEE3endEv
FNDA:2,_ZNSt6vectorI8GLVertexSaIS0_EE3endEv
FNDA:6,_ZNSt6vectorI2M4SaIS0_EE3endEv
FNDA:20,_ZNSt6vectorINSt7__cxx1112basic_stringIcSt11char_traitsIcESaIcEEESaIS5_EE3endEv
FNDA:66,_ZNKSt6vectorIhSaIhEE3endEv
FNDA:12,_ZNKSt6vectorIP14TransformationSaIS1_EE4sizeEv
FNDA:12,_ZNKSt6vectorIP8StlShapeSaIS1_EE4sizeEv
FNDA:88,_ZNKSt6vectorIhSaIhEE4sizeEv
FNDA:12,_ZNKSt6vectorI8GLVertexSaIS0_EE4sizeEv
FNDA:36,_ZNKSt6vectorI2M4SaIS0_EE4sizeEv
FNDA:82,_ZNKSt6vectorINSt7__cxx1112basic_stringIcSt11char_traitsIcESaIcEEESaIS5_EE4sizeEv
FNDA:12368,_ZNKSt6vectorI8triangleSaIS0_EE4sizeEv
FNDA:4,_ZNKSt6vectorIP14TransformationSaIS1_EE8max_sizeEv
FNDA:4,_ZNKSt6vectorIP8StlShapeSaIS1_EE8max_sizeEv
FNDA:0,_ZNKSt6vectorIhSaIhEE8max_sizeEv
FNDA:4,_ZNKSt6vectorI8GLVertexSaIS0_EE8max_sizeEv
FNDA:12,_ZNKSt6vectorI2M4SaIS0_EE8max_sizeEv
FNDA:308,_ZNKSt6vectorI8triangleSaIS0_EE8max_sizeEv
FNDA:40,_ZNKSt6vectorINSt7__cxx1112basic_stringIcSt11char_traitsIcESaIcEEESaIS5_EE8max_sizeEv
FNDA:2,_ZNSt6vectorIP14TransformationSaIS1_EE6resizeEmS1_
FNDA:2,_ZNSt6vectorIP8StlShapeSaIS1_EE6resizeEmS1_
FNDA:0,_ZNSt6vectorIhSaIhEE6resizeEmh
FNDA:2,_ZNSt6vectorI8GLVertexSaIS0_EE6resizeEmS0_
FNDA:6,_ZNSt6vectorI2M4SaIS0_EE6resizeEmS0_
FNDA:22,_ZNKSt6vectorIhSaIhEE8capacityEv
FNDA:54,_ZNSt6vectorIP14TransformationSaIS1_EEixEm
FNDA:82,_ZNSt6vectorIP8StlShapeSaIS1_EEixEm
FNDA:224,_ZNSt6vectorINSt7__cxx1112basic_stringIcSt11char_traitsIcESaIcEEESaIS5_EEixEm
FNDA:211032,_ZNSt6vectorI8triangleSaIS0_EEixEm
FNDA:70344,_ZNSt6vectorI8GLVertexSaIS0_EEixEm
FNDA:0,_ZNSt6vectorIhSaIhEEixEm
FNDA:70468,_ZNSt6vectorI2M4SaIS0_EEixEm
FNDA:11724,_ZNSt6vectorI8triangleSaIS0_EE9push_backERKS0_
FNDA:236,_ZNSt6vectorINSt7__cxx1112basic_stringIcSt11char_traitsIcESaIcEEESaIS5_EE9push_backERKS5_
FNDA:2,_ZNSt6vectorIP14TransformationSaIS1_EE6insertEN9__gnu_cxx17__normal_iteratorIPS1_S3_EEmRKS1_
FNDA:2,_ZNSt6vectorIP8StlShapeSaIS1_EE6insertEN9__gnu_cxx17__normal_iteratorIPS1_S3_EEmRKS1_
FNDA:0,_ZNSt6vectorIhSaIhEE6insertEN9__gnu_cxx17__normal_iteratorIPhS1_EEmRKh
FNDA:2,_ZNSt6vectorI8GLVertexSaIS0_EE6insertEN9__gnu_cxx17__normal_iteratorIPS0_S2_EEmRKS0_
FNDA:6,_ZNSt6vectorI2M4SaIS0_EE6insertEN9__gnu_cxx17__normal_iteratorIPS0_S2_EEmRKS0_
FNDA:20,_ZNSt6vectorINSt7__cxx1112basic_stringIcSt11char_traitsIcESaIcEEESaIS5_EE5clearEv
FNDA:0,_ZNSt6vectorIhSaIhEE20_M_allocate_and_copyIN9__gnu_cxx17__normal_iteratorIPKhS1_EEEEPhmT_S9_
FNDA:2,_ZNKSt6vectorIP14TransformationSaIS1_EE12_M_check_lenEmPKc
FNDA:2,_ZNKSt6vectorIP8StlShapeSaIS1_EE12_M_check_lenEmPKc
FNDA:0,_ZNKSt6vectorIhSaIhEE12_M_check_lenEmPKc
FNDA:2,_ZNKSt6vectorI8GLVertexSaIS0_EE12_M_check_lenEmPKc
FNDA:6,_ZNKSt6vectorI2M4SaIS0_EE12_M_check_lenEmPKc
FNDA:154,_ZNKSt6vectorI8triangleSaIS0_EE12_M_check_lenEmPKc
FNDA:20,_ZNKSt6vectorINSt7__cxx1112basic_stringIcSt11char_traitsIcESaIcEEESaIS5_EE12_M_check_lenEmPKc
FNDA:0,_ZNSt6vectorIP14TransformationSaIS1_EE15_M_erase_at_endEPS1_
FNDA:0,_ZNSt6vectorIP8StlShapeSaIS1_EE15_M_erase_at_endEPS1_
FNDA:20,_ZNSt6vectorINSt7__cxx1112basic_stringIcSt11char_traitsIcESaIcEEESaIS5_EE15_M_erase_at_endEPS5_
FNDA:0,_ZNSt6vectorIhSaIhEE15_M_erase_at_endEPh
FNDA:0,_ZNSt6vectorI8GLVertexSaIS0_EE15_M_erase_at_endEPS0_
FNDA:0,_ZNSt6vectorI2M4SaIS0_EE15_M_erase_at_endEPS0_
FNF:139
FNH:113
DA:79,70
DA:86,74
DA:87,74
DA:88,74
DA:90,44
DA:91,44
DA:92,44
DA:113,726
DA:114,726
DA:117,416
DA:118,416
DA:124,74
DA:125,74
DA:134,44
DA:135,44
DA:136,44
DA:159,70
DA:160,140
DA:161,210
DA:167,230
DA:170,230
DA:174,256
DA:177,256
DA:178,160
DA:179,256
DA:183,44
DA:185,44
DA:186,44
DA:187,44
DA:188,44
DA:253,74
DA:257,74
DA:318,44
DA:320,44
DA:321,44
DA:322,44
DA:324,44
DA:325,44
DA:423,70
DA:424,70
DA:425,140
DA:547,208
DA:548,208
DA:556,66
DA:557,66
DA:565,208
DA:566,208
DA:574,66
DA:575,66
DA:654,12610
DA:655,12610
DA:659,372
DA:660,372
DA:713,12
DA:715,12
DA:716,12
DA:717,0
DA:718,0
DA:719,12
DA:734,22
DA:736,22
DA:779,352204
DA:780,352204
DA:913,11960
DA:915,11960
DA:917,11786
DA:919,11786
DA:925,174
DA:927,11960
DA:1072,12
DA:1073,12
DA:1211,20
DA:1212,20
DA:1221,0
DA:1224,0
DA:1227,0
DA:1228,0
DA:1229,0
DA:1231,0
DA:1233,0
DA:1234,0
DA:1422,186
DA:1424,186
DA:1425,0
DA:1427,186
DA:1428,186
DA:1436,20
DA:1438,20
DA:1439,20
DA:1440,20
LF:90
LH:79
end_of_record
SF:/usr/include/c++/5/bits/vector.tcc
FN:167,_ZNSt6vectorIhSaIhEEaSERKS1_
FN:326,_ZNSt6vectorINSt7__cxx1112basic_stringIcSt11char_traitsIcESaIcEEESaIS5_EE13_M_insert_auxEN9__gnu_cxx17__normal_iteratorIPS5_S7_EERKS5_
FN:326,_ZNSt6vectorI8triangleSaIS0_EE13_M_insert_auxEN9__gnu_cxx17__normal_iteratorIPS0_S2_EERKS0_
FN:449,_ZNSt6vectorIP14TransformationSaIS1_EE14_M_fill_insertEN9__gnu_cxx17__normal_iteratorIPS1_S3_EEmRKS1_
FN:449,_ZNSt6vectorIhSaIhEE14_M_fill_insertEN9__gnu_cxx17__normal_iteratorIPhS1_EEmRKh
FN:449,_ZNSt6vectorI8GLVertexSaIS0_EE14_M_fill_insertEN9__gnu_cxx17__normal_iteratorIPS0_S2_EEmRKS0_
FN:449,_ZNSt6vectorIP8StlShapeSaIS1_EE14_M_fill_insertEN9__gnu_cxx17__normal_iteratorIPS1_S3_EEmRKS1_
FN:449,_ZNSt6vectorI2M4SaIS0_EE14_M_fill_insertEN9__gnu_cxx17__normal_iteratorIPS0_S2_EEmRKS0_
FNDA:22,_ZNSt6vectorIhSaIhEEaSERKS1_
FNDA:154,_ZNSt6vectorI8triangleSaIS0_EE13_M_insert_auxEN9__gnu_cxx17__normal_iteratorIPS0_S2_EERKS0_
FNDA:20,_ZNSt6vectorINSt7__cxx1112basic_stringIcSt11char_traitsIcESaIcEEESaIS5_EE13_M_insert_auxEN9__gnu_cxx17__normal_iteratorIPS5_S7_EERKS5_
FNDA:2,_ZNSt6vectorIP14TransformationSaIS1_EE14_M_fill_insertEN9__gnu_cxx17__normal_iteratorIPS1_S3_EEmRKS1_
FNDA:2,_ZNSt6vectorIP8StlShapeSaIS1_EE14_M_fill_insertEN9__gnu_cxx17__normal_iteratorIPS1_S3_EEmRKS1_
FNDA:0,_ZNSt6vectorIhSaIhEE14_M_fill_insertEN9__gnu_cxx17__normal_iteratorIPhS1_EEmRKh
FNDA:2,_ZNSt6vectorI8GLVertexSaIS0_EE14_M_fill_insertEN9__gnu_cxx17__normal_iteratorIPS0_S2_EEmRKS0_
FNDA:6,_ZNSt6vectorI2M4SaIS0_EE14_M_fill_insertEN9__gnu_cxx17__normal_iteratorIPS0_S2_EEmRKS0_
FNF:8
FNH:7
DA:167,22
DA:170,22
DA:191,22
DA:192,22
DA:194,0
DA:195,0
DA:196,0
DA:197,0
DA:198,0
DA:200,0
DA:201,0
DA:202,0
DA:204,22
DA:206,22
DA:207,22
DA:211,0
DA:213,0
DA:216,0
DA:218,22
DA:220,22
DA:326,174
DA:330,174
DA:332,0
DA:333,0
DA:335,0
DA:337,0
DA:339,0
DA:343,0
DA:351,174
DA:352,174
DA:353,174
DA:354,174
DA:361,174
DA:368,174
DA:370,174
DA:372,174
DA:373,174
DA:375,174
DA:377,174
DA:379,174
DA:380,174
DA:382,0
DA:384,0
DA:385,0
DA:388,0
DA:389,0
DA:390,0
DA:392,174
DA:393,174
DA:394,348
DA:396,348
DA:397,174
DA:398,174
DA:399,174
DA:401,174
DA:449,12
DA:452,12
DA:454,24
DA:455,24
DA:457,0
DA:458,0
DA:459,0
DA:460,0
DA:462,0
DA:465,0
DA:466,0
DA:467,0
DA:469,0
DA:474,0
DA:475,0
DA:478,0
DA:479,0
DA:481,0
DA:482,0
DA:483,0
DA:489,12
DA:490,12
DA:491,12
DA:492,12
DA:496,12
DA:498,12
DA:499,12
DA:501,12
DA:503,12
DA:504,12
DA:506,12
DA:508,12
DA:510,12
DA:511,12
DA:513,0
DA:515,0
DA:516,0
DA:517,0
DA:518,0
DA:520,0
DA:521,0
DA:522,0
DA:523,0
DA:525,12
DA:526,12
DA:527,24
DA:529,24
DA:530,12
DA:531,12
DA:532,12
DA:535,12
LF:106
LH:58
end_of_record
SF:/usr/include/c++/5/ext/alloc_traits.h
FN:181,_ZN9__gnu_cxx14__alloc_traitsISaI8triangleEE8allocateERS2_m
FN:181,_ZN9__gnu_cxx14__alloc_traitsISaIP8StlShapeEE8allocateERS3_m
FN:181,_ZN9__gnu_cxx14__alloc_traitsISaI2M4EE8allocateERS2_m
FN:181,_ZN9__gnu_cxx14__alloc_traitsISaIhEE8allocateERS1_m
FN:181,_ZN9__gnu_cxx14__alloc_traitsISaIP14TransformationEE8allocateERS3_m
FN:181,_ZN9__gnu_cxx14__alloc_traitsISaISt13_Rb_tree_nodeISt4pairIKi9GLTextureEEEE8allocateERS7_m
FN:181,_ZN9__gnu_cxx14__alloc_traitsISaINSt7__cxx1112basic_stringIcSt11char_traitsIcESaIcEEEEE8allocateERS7_m
FN:181,_ZN9__gnu_cxx14__alloc_traitsISaI8GLVertexEE8allocateERS2_m
FN:184,_ZN9__gnu_cxx14__alloc_traitsISaINSt7__cxx1112basic_stringIcSt11char_traitsIcESaIcEEEEE10deallocateERS7_PS6_m
FN:184,_ZN9__gnu_cxx14__alloc_traitsISaIhEE10deallocateERS1_Phm
FN:184,_ZN9__gnu_cxx14__alloc_traitsISaI8triangleEE10deallocateERS2_PS1_m
FN:184,_ZN9__gnu_cxx14__alloc_traitsISaIP8StlShapeEE10deallocateERS3_PS2_m
FN:184,_ZN9__gnu_cxx14__alloc_traitsISaISt13_Rb_tree_nodeISt4pairIKi9GLTextureEEEE10deallocateERS7_PS6_m
FN:184,_ZN9__gnu_cxx14__alloc_traitsISaIP14TransformationEE10deallocateERS3_PS2_m
FN:184,_ZN9__gnu_cxx14__alloc_traitsISaI2M4EE10deallocateERS2_PS1_m
FN:184,_ZN9__gnu_cxx14__alloc_traitsISaI8GLVertexEE10deallocateERS2_PS1_m
FN:188,_ZN9__gnu_cxx14__alloc_traitsISaI8triangleEE9constructIS1_EEvRS2_PS1_RKT_
FN:188,_ZN9__gnu_cxx14__alloc_traitsISaINSt7__cxx1112basic_stringIcSt11char_traitsIcESaIcEEEEE9constructIS6_EEvRS7_PS6_RKT_
FN:191,_ZN9__gnu_cxx14__alloc_traitsISaINSt7__cxx1112basic_stringIcSt11char_traitsIcESaIcEEEEE7destroyERS7_PS6_
FN:191,_ZN9__gnu_cxx14__alloc_traitsISaI8triangleEE7destroyERS2_PS1_
FN:194,_ZN9__gnu_cxx14__alloc_traitsISaIP8StlShapeEE8max_sizeERKS3_
FN:194,_ZN9__gnu_cxx14__alloc_traitsISaI8GLVertexEE8max_sizeERKS2_
FN:194,_ZN9__gnu_cxx14__alloc_traitsISaIP14TransformationEE8max_sizeERKS3_
FN:194,_ZN9__gnu_cxx14__alloc_traitsISaIhEE8max_sizeERKS1_
FN:194,_ZN9__gnu_cxx14__alloc_traitsISaI2M4EE8max_sizeERKS2_
FN:194,_ZN9__gnu_cxx14__alloc_traitsISaI8triangleEE8max_sizeERKS2_
FN:194,_ZN9__gnu_cxx14__alloc_traitsISaINSt7__cxx1112basic_stringIcSt11char_traitsIcESaIcEEEEE8max_sizeERKS7_
FN:197,_ZN9__gnu_cxx14__alloc_traitsISaIhEE17_S_select_on_copyERKS1_
FNDA:2,_ZN9__gnu_cxx14__alloc_traitsISaISt13_Rb_tree_nodeISt4pairIKi9GLTextureEEEE8allocateERS7_m
FNDA:2,_ZN9__gnu_cxx14__alloc_traitsISaIP14TransformationEE8allocateERS3_m
FNDA:2,_ZN9__gnu_cxx14__alloc_traitsISaIP8StlShapeEE8allocateERS3_m
FNDA:2,_ZN9__gnu_cxx14__alloc_traitsISaI8GLVertexEE8allocateERS2_m
FNDA:6,_ZN9__gnu_cxx14__alloc_traitsISaI2M4EE8allocateERS2_m
FNDA:154,_ZN9__gnu_cxx14__alloc_traitsISaI8triangleEE8allocateERS2_m
FNDA:0,_ZN9__gnu_cxx14__alloc_traitsISaIhEE8allocateERS1_m
FNDA:20,_ZN9__gnu_cxx14__alloc_traitsISaINSt7__cxx1112basic_stringIcSt11char_traitsIcESaIcEEEEE8allocateERS7_m
FNDA:0,_ZN9__gnu_cxx14__alloc_traitsISaISt13_Rb_tree_nodeISt4pairIKi9GLTextureEEEE10deallocateERS7_PS6_m
FNDA:0,_ZN9__gnu_cxx14__alloc_traitsISaI8GLVertexEE10deallocateERS2_PS1_m
FNDA:0,_ZN9__gnu_cxx14__alloc_traitsISaI2M4EE10deallocateERS2_PS1_m
FNDA:0,_ZN9__gnu_cxx14__alloc_traitsISaIP14TransformationEE10deallocateERS3_PS2_m
FNDA:0,_ZN9__gnu_cxx14__alloc_traitsISaIP8StlShapeEE10deallocateERS3_PS2_m
FNDA:140,_ZN9__gnu_cxx14__alloc_traitsISaI8triangleEE10deallocateERS2_PS1_m
FNDA:20,_ZN9__gnu_cxx14__alloc_traitsISaINSt7__cxx1112basic_stringIcSt11char_traitsIcESaIcEEEEE10deallocateERS7_PS6_m
FNDA:0,_ZN9__gnu_cxx14__alloc_traitsISaIhEE10deallocateERS1_Phm
FNDA:11724,_ZN9__gnu_cxx14__alloc_traitsISaI8triangleEE9constructIS1_EEvRS2_PS1_RKT_
FNDA:236,_ZN9__gnu_cxx14__alloc_traitsISaINSt7__cxx1112basic_stringIcSt11char_traitsIcESaIcEEEEE9constructIS6_EEvRS7_PS6_RKT_
FNDA:0,_ZN9__gnu_cxx14__alloc_traitsISaI8triangleEE7destroyERS2_PS1_
FNDA:0,_ZN9__gnu_cxx14__alloc_traitsISaINSt7__cxx1112basic_stringIcSt11char_traitsIcESaIcEEEEE7destroyERS7_PS6_
FNDA:4,_ZN9__gnu_cxx14__alloc_traitsISaIP14TransformationEE8max_sizeERKS3_
FNDA:4,_ZN9__gnu_cxx14__alloc_traitsISaIP8StlShapeEE8max_sizeERKS3_
FNDA:0,_ZN9__gnu_cxx14__alloc_traitsISaIhEE8max_sizeERKS1_
FNDA:4,_ZN9__gnu_cxx14__alloc_traitsISaI8GLVertexEE8max_sizeERKS2_
FNDA:12,_ZN9__gnu_cxx14__alloc_traitsISaI2M4EE8max_sizeERKS2_
FNDA:308,_ZN9__gnu_cxx14__alloc_traitsISaI8triangleEE8max_sizeERKS2_
FNDA:40,_ZN9__gnu_cxx14__alloc_traitsISaINSt7__cxx1112basic_stringIcSt11char_traitsIcESaIcEEEEE8max_sizeERKS7_
FNDA:44,_ZN9__gnu_cxx14__alloc_traitsISaIhEE17_S_select_on_copyERKS1_
FNF:28
FNH:18
DA:181,188
DA:182,188
DA:184,160
DA:185,160
DA:188,11960
DA:189,11960
DA:191,0
DA:192,0
DA:194,372
DA:195,372
DA:197,44
LF:11
LH:9
end_of_record
SF:/usr/include/c++/5/ext/new_allocator.h
FN:79,_ZN9__gnu_cxx13new_allocatorI2M4EC2Ev
FN:79,_ZN9__gnu_cxx13new_allocatorISt13_Rb_tree_nodeISt4pairIKi9GLTextureEEEC2Ev
FN:79,_ZN9__gnu_cxx13new_allocatorIP8StlShapeEC2Ev
FN:79,_ZN9__gnu_cxx13new_allocatorI8GLVertexEC2Ev
FN:79,_ZN9__gnu_cxx13new_allocatorISt4pairIKi9GLTextureEEC2Ev
FN:79,_ZN9__gnu_cxx13new_allocatorINSt7__cxx1112basic_stringIcSt11char_traitsIcESaIcEEEEC2Ev
FN:79,_ZN9__gnu_cxx13new_allocatorIhEC2Ev
FN:79,_ZN9__gnu_cxx13new_allocatorI8triangleEC2Ev
FN:79,_ZN9__gnu_cxx13new_allocatorIP14TransformationEC2Ev
FN:81,_ZN9__gnu_cxx13new_allocatorIhEC2ERKS1_
FN:86,_ZN9__gnu_cxx13new_allocatorIP14TransformationED2Ev
FN:86,_ZN9__gnu_cxx13new_allocatorISt4pairIKi9GLTextureEED2Ev
FN:86,_ZN9__gnu_cxx13new_allocatorIP8StlShapeED2Ev
FN:86,_ZN9__gnu_cxx13new_allocatorISt13_Rb_tree_nodeISt4pairIKi9GLTextureEEED2Ev
FN:86,_ZN9__gnu_cxx13new_allocatorIhED2Ev
FN:86,_ZN9__gnu_cxx13new_allocatorI8triangleED2Ev
FN:86,_ZN9__gnu_cxx13new_allocatorINSt7__cxx1112basic_stringIcSt11char_traitsIcESaIcEEEED2Ev
FN:86,_ZN9__gnu_cxx13new_allocatorI2M4ED2Ev
FN:86,_ZN9__gnu_cxx13new_allocatorI8GLVertexED2Ev
FN:99,_ZN9__gnu_cxx13new_allocatorI2M4E8allocateEmPKv
FN:99,_ZN9__gnu_cxx13new_allocatorISt13_Rb_tree_nodeISt4pairIKi9GLTextureEEE8allocateEmPKv
FN:99,_ZN9__gnu_cxx13new_allocatorIhE8allocateEmPKv
FN:99,_ZN9__gnu_cxx13new_allocatorINSt7__cxx1112basic_stringIcSt11char_traitsIcESaIcEEEE8allocateEmPKv
FN:99,_ZN9__gnu_cxx13new_allocatorIP8StlShapeE8allocateEmPKv
FN:99,_ZN9__gnu_cxx13new_allocatorI8GLVertexE8allocateEmPKv
FN:99,_ZN9__gnu_cxx13new_allocatorI8triangleE8allocateEmPKv
FN:99,_ZN9__gnu_cxx13new_allocatorIP14TransformationE8allocateEmPKv
FN:109,_ZN9__gnu_cxx13new_allocatorIP8StlShapeE10deallocateEPS2_m
FN:109,_ZN9__gnu_cxx13new_allocatorINSt7__cxx1112basic_stringIcSt11char_traitsIcESaIcEEEE10deallocateEPS6_m
FN:109,_ZN9__gnu_cxx13new_allocatorI8triangleE10deallocateEPS1_m
FN:109,_ZN9__gnu_cxx13new_allocatorI8GLVertexE10deallocateEPS1_m
FN:109,_ZN9__gnu_cxx13new_allocatorIhE10deallocateEPhm
FN:109,_ZN9__gnu_cxx13new_allocatorISt13_Rb_tree_nodeISt4pairIKi9GLTextureEEE10deallocateEPS6_m
FN:109,_ZN9__gnu_cxx13new_allocatorI2M4E10deallocateEPS1_m
FN:109,_ZN9__gnu_cxx13new_allocatorIP14TransformationE10deallocateEPS2_m
FN:113,_ZNK9__gnu_cxx13new_allocatorIP8StlShapeE8max_sizeEv
FN:113,_ZNK9__gnu_cxx13new_allocatorISt13_Rb_tree_nodeISt4pairIKi9GLTextureEEE8max_sizeEv
FN:113,_ZNK9__gnu_cxx13new_allocatorI8GLVertexE8max_sizeEv
FN:113,_ZNK9__gnu_cxx13new_allocatorI8triangleE8max_sizeEv
FN:113,_ZNK9__gnu_cxx13new_allocatorIP14TransformationE8max_sizeEv
FN:113,_ZNK9__gnu_cxx13new_allocatorIhE8max_sizeEv
FN:113,_ZNK9__gnu_cxx13new_allocatorINSt7__cxx1112basic_stringIcSt11char_traitsIcESaIcEEEE8max_sizeEv
FN:113,_ZNK9__gnu_cxx13new_allocatorI2M4E8max_sizeEv
FN:129,_ZN9__gnu_cxx13new_allocatorI8triangleE9constructEPS1_RKS1_
FN:129,_ZN9__gnu_cxx13new_allocatorISt4pairIKi9GLTextureEE9constructEPS4_RKS4_
FN:129,_ZN9__gnu_cxx13new_allocatorINSt7__cxx1112basic_stringIcSt11char_traitsIcESaIcEEEE9constructEPS6_RKS6_
FN:133,_ZN9__gnu_cxx13new_allocatorINSt7__cxx1112basic_stringIcSt11char_traitsIcESaIcEEEE7destroyEPS6_
FN:133,_ZN9__gnu_cxx13new_allocatorISt4pairIKi9GLTextureEE7destroyEPS4_
FN:133,_ZN9__gnu_cxx13new_allocatorI8triangleE7destroyEPS1_
FNDA:2,_ZN9__gnu_cxx13new_allocatorISt4pairIKi9GLTextureEEC2Ev
FNDA:4,_ZN9__gnu_cxx13new_allocatorINSt7__cxx1112basic_stringIcSt11char_traitsIcESaIcEEEEC2Ev
FNDA:2,_ZN9__gnu_cxx13new_allocatorISt13_Rb_tree_nodeISt4pairIKi9GLTextureEEEC2Ev
FNDA:2,_ZN9__gnu_cxx13new_allocatorI8GLVertexEC2Ev
FNDA:6,_ZN9__gnu_cxx13new_allocatorI2M4EC2Ev
FNDA:2,_ZN9__gnu_cxx13new_allocatorIP14TransformationEC2Ev
FNDA:2,_ZN9__gnu_cxx13new_allocatorIP8StlShapeEC2Ev
FNDA:14,_ZN9__gnu_cxx13new_allocatorI8triangleEC2Ev
FNDA:44,_ZN9__gnu_cxx13new_allocatorIhEC2Ev
FNDA:44,_ZN9__gnu_cxx13new_allocatorIhEC2ERKS1_
FNDA:2,_ZN9__gnu_cxx13new_allocatorISt4pairIKi9GLTextureEED2Ev
FNDA:4,_ZN9__gnu_cxx13new_allocatorINSt7__cxx1112basic_stringIcSt11char_traitsIcESaIcEEEED2Ev
FNDA:0,_ZN9__gnu_cxx13new_allocatorI8GLVertexED2Ev
[...]
DA:538,32
DA:540,2
DA:541,2
DA:542,2
DA:543,2
DA:544,2
DA:547,6
DA:548,4
DA:549,4
DA:550,4
DA:551,4
DA:552,4
DA:553,4
DA:555,2
DA:556,2
DA:557,2
DA:560,2
DA:563,2
DA:564,2
DA:565,2
DA:566,2
DA:567,2
DA:568,2
DA:569,2
DA:571,2
DA:572,2
DA:573,2
DA:574,2
DA:576,2
DA:578,2
DA:579,2
DA:580,2
DA:581,2
DA:583,2
DA:584,2
DA:586,2
DA:587,2
DA:588,2
DA:589,2
DA:592,2
DA:593,2
DA:594,2
DA:595,2
DA:596,2
DA:601,2
DA:602,2
DA:603,2
DA:604,2
DA:605,2
DA:606,2
DA:607,2
DA:609,2
DA:610,2
DA:611,2
DA:612,2
DA:613,2
DA:614,2
DA:616,2
DA:621,2
DA:624,2
DA:625,2
DA:626,2
DA:629,2
DA:630,2
DA:632,2
DA:635,4
DA:638,2
DA:639,0
DA:642,2
DA:643,2
DA:645,4
DA:649,2
DA:656,2
DA:657,2
DA:658,2
DA:662,4
DA:663,4
DA:664,2
DA:665,0
DA:667,2
DA:668,2
DA:670,2
DA:671,0
DA:672,0
DA:675,2
DA:676,2
DA:677,2
DA:678,0
DA:683,2
DA:684,2
DA:685,2
DA:686,2
DA:688,2
DA:690,2
DA:691,2
DA:694,4
DA:695,2
DA:697,3202
DA:699,3200
DA:700,3200
DA:701,5123200
DA:703,5120000
DA:705,5120000
DA:706,5120000
DA:707,5120000
DA:710,2
DA:713,2
DA:718,17096
DA:722,17096
DA:723,17096
DA:724,0
DA:725,0
DA:727,0
DA:729,17096
DA:730,17094
DA:731,17094
DA:733,2
DA:735,2
DA:736,2
DA:737,0
DA:739,2
DA:740,2
DA:741,2
DA:742,2
DA:743,2
DA:744,2
DA:745,2
DA:749,0
DA:750,0
DA:751,0
DA:752,0
DA:758,2
DA:827,5250
DA:832,5250
DA:834,0
DA:835,0
DA:836,5250
DA:837,5250
DA:839,5250
DA:854,2
DA:857,2
DA:858,2
DA:861,2
DA:862,2
DA:864,2
DA:865,2
DA:866,2
DA:867,2
DA:868,2
DA:869,2
DA:871,2
DA:873,2
DA:874,2
DA:876,2
DA:878,2
DA:880,2
DA:881,2
DA:882,2
DA:883,2
DA:884,2
DA:893,4
DA:897,4
DA:898,4
DA:900,4
DA:901,4
DA:902,4
DA:905,4
DA:907,4
DA:908,4
DA:909,4
DA:910,4
DA:912,2
DA:920,2
DA:921,2
DA:922,2
DA:924,2
DA:925,2
DA:926,2
DA:928,2
DA:931,2
DA:932,2
DA:935,2
DA:937,2
DA:938,2
DA:939,2
DA:940,2
DA:942,2
DA:943,2
DA:944,2
DA:946,2
DA:947,2
DA:948,2
DA:950,2
DA:951,2
DA:952,2
DA:956,2
DA:957,2
DA:960,86
DA:962,86
DA:963,86
DA:965,2
DA:968,2
DA:969,2
DA:971,2
DA:973,2
DA:974,2
DA:975,2
DA:977,2
DA:978,2
DA:979,2
DA:980,2
DA:982,35172
DA:984,35172
DA:989,35172
DA:991,35172
DA:992,35172
DA:993,35172
DA:994,35172
DA:998,35172
DA:999,35172
DA:1001,35172
DA:1002,35172
DA:1003,35172
DA:1004,35172
DA:1006,35172
DA:1010,35172
DA:1011,35172
DA:1013,0
DA:1018,35172
DA:1019,0
DA:1020,0
DA:1022,0
DA:1026,35172
DA:1027,34368
DA:1031,35172
DA:1033,35172
DA:1037,35172
DA:1038,11724
DA:1039,11724
DA:1041,35172
DA:1044,0
DA:1045,0
DA:1046,0
DA:1047,0
DA:1048,0
DA:1049,0
DA:1050,0
DA:1052,0
DA:1056,35172
DA:1058,35172
DA:1061,35172
DA:1063,35172
DA:1064,35172
DA:1066,0
DA:1068,0
DA:1069,0
DA:1073,35172
DA:1075,35172
DA:1076,35172
DA:1077,35172
DA:1078,35172
DA:1079,35172
DA:1080,35172
DA:1086,0
DA:1088,0
DA:1090,0
DA:1091,0
DA:1092,0
DA:1093,0
DA:1094,0
DA:1095,0
DA:1096,0
DA:1097,0
DA:1098,0
DA:1099,0
DA:1101,0
DA:1103,0
DA:1104,0
DA:1106,0
DA:1110,0
DA:1112,0
DA:1113,0
DA:1118,0
DA:1120,0
DA:1121,0
DA:1122,0
DA:1123,0
DA:1124,0
DA:1125,0
DA:1127,0
DA:1129,0
DA:1130,0
DA:1134,16
DA:1136,16
DA:1137,16
DA:1139,16
DA:1141,2
DA:1142,2
DA:1144,4
DA:1145,4
DA:1147,0
DA:1148,0
DA:1150,0
DA:1151,0
DA:1153,2
DA:1154,2
DA:1156,4
DA:1157,4
DA:1160,4
DA:1161,4
DA:1163,4
DA:1165,16
DA:1170,16
DA:1174,16
DA:1176,16
DA:1177,16
DA:1179,16
DA:1181,0
DA:1185,0
DA:1187,0
DA:1188,0
DA:1189,0
DA:1193,14
DA:1195,14
DA:1198,14
DA:1200,14
DA:1202,14
DA:1203,14
DA:1204,14
DA:1205,14
DA:1206,14
DA:1208,14
DA:1210,14
DA:1212,14
DA:1213,14
DA:1215,0
DA:1217,0
DA:1219,0
DA:1221,0
DA:1222,0
DA:1223,0
DA:1227,14
DA:1229,14
DA:1232,14
DA:1233,2
DA:1234,2
DA:1237,14
DA:1239,14
DA:1241,14
DA:1242,14
DA:1244,14
DA:1245,0
DA:1246,0
DA:1247,0
DA:1248,0
DA:1251,14
DA:1252,14
DA:1256,8
DA:1258,8
DA:1259,8
DA:1260,8
DA:1262,8
DA:1264,8
DA:1265,8
DA:1266,8
DA:1267,8
DA:1269,2
DA:1271,2
DA:1272,2
DA:1273,2
DA:1274,2
DA:1277,2
DA:1279,2
DA:1280,2
DA:1282,20
DA:1284,20
DA:1285,20
DA:1286,20
DA:1287,20
DA:1290,20
DA:1292,20
DA:1293,20
DA:1294,20
DA:1295,20
DA:1297,14
DA:1299,14
DA:1301,14
DA:1306,14
DA:1307,14
DA:1308,14
DA:1309,14
DA:1312,14
DA:1314,14
DA:1316,0
DA:1317,0
DA:1319,2
DA:1320,2
DA:1321,2
DA:1323,8
DA:1324,8
DA:1325,8
DA:1327,4
DA:1328,4
DA:1329,4
DA:1335,0
DA:1336,0
DA:1337,0
DA:1338,0
DA:1339,0
DA:1340,0
DA:1343,0
DA:1344,0
DA:1347,0
DA:1348,0
DA:1349,0
DA:1352,0
DA:1353,0
DA:1354,0
DA:1355,0
DA:1356,0
DA:1357,0
DA:1358,0
DA:1359,0
DA:1360,0
DA:1364,14
DA:1366,14
DA:1369,18
DA:1371,18
DA:1374,18
DA:1376,18
DA:1377,18
DA:1378,18
DA:1379,18
DA:1381,18
DA:1384,18
DA:1385,18
DA:1387,0
DA:1389,0
DA:1391,0
DA:1393,0
DA:1394,0
DA:1395,0
DA:1396,0
DA:1397,0
DA:1399,0
DA:1400,0
DA:1403,2
DA:1405,2
DA:1409,2
DA:1410,2
DA:1411,2
DA:1415,4
DA:1416,4
DA:1417,4
DA:1418,2
DA:1420,0
DA:1421,0
DA:1423,0
DA:1424,0
DA:1425,0
DA:1428,0
DA:1429,0
DA:1430,0
DA:1431,0
DA:1435,0
DA:1436,0
DA:1437,0
DA:1438,0
DA:1440,0
DA:1442,2
DA:1445,4
DA:1448,4
DA:1450,4
DA:1454,4
DA:1455,4
DA:1456,4
DA:1457,4
DA:1458,4
DA:1459,4
DA:1461,4
DA:1462,4
DA:1463,4
DA:1464,4
DA:1465,4
DA:1467,4
DA:1469,4
DA:1470,4
DA:1472,4
DA:1477,4
DA:1478,4
DA:1480,4
DA:1481,4
DA:1483,4
DA:1484,4
DA:1487,112
DA:1489,112
DA:1491,0
DA:1492,0
DA:1494,28
DA:1495,28
DA:1497,28
DA:1498,28
DA:1500,28
DA:1501,28
DA:1503,28
DA:1504,28
DA:1505,28
DA:1507,0
DA:1508,0
DA:1509,0
DA:1511,0
DA:1513,112
DA:1514,56
DA:1516,56
DA:1518,56
DA:1520,0
DA:1522,56
DA:1524,0
DA:1528,56
DA:1529,56
DA:1533,56
DA:1535,14
DA:1537,14
DA:1538,14
DA:1539,14
DA:1540,14
DA:1541,14
DA:1545,8
DA:1546,8
DA:1550,8
DA:1552,8
DA:1556,8
DA:1558,8
DA:1560,8
DA:1562,8
DA:1564,0
DA:1565,0
DA:1567,0
DA:1568,0
DA:1570,0
DA:1571,0
DA:1575,4
DA:1577,4
DA:1579,4
DA:1580,2
DA:1581,2
DA:1582,2
DA:1584,2
DA:1587,4
DA:1589,8
DA:1590,6
DA:1591,6
DA:1593,2
DA:1594,2
DA:1596,0
DA:1597,0
DA:1600,2
DA:1601,2
DA:1602,2
DA:1603,2
DA:1605,2
DA:1607,0
DA:1608,0
DA:1610,0
DA:1611,0
DA:1613,0
DA:1614,0
DA:1616,0
DA:1618,8
DA:1623,0
DA:1627,0
DA:1634,0
DA:1635,0
DA:1636,0
DA:1637,0
DA:1640,0
DA:1641,0
DA:1642,0
DA:1644,0
DA:1645,0
DA:1646,0
DA:1647,0
DA:1649,0
DA:1652,0
DA:1653,0
DA:1654,0
DA:1656,0
DA:1658,0
DA:1660,0
DA:1661,0
DA:1667,0
DA:1669,0
DA:1673,0
DA:1675,0
DA:1676,0
DA:1677,0
DA:1695,35492
DA:1699,35492
DA:1700,70984
DA:1701,70984
DA:1702,70984
DA:1703,70984
DA:1704,35492
DA:1705,35492
DA:1708,34688
DA:1713,34688
DA:1714,34688
DA:1715,34688
DA:1716,34688
DA:1717,34688
DA:1718,34688
DA:1719,34688
DA:1721,34688
DA:1722,34688
DA:1723,34688
DA:1724,34688
DA:1725,34688
DA:1726,34688
DA:1727,34688
DA:1730,0
DA:1731,0
DA:1732,0
DA:1737,34688
DA:1738,0
DA:1739,0
DA:1740,0
DA:1741,0
DA:1743,34688
DA:1747,35172
DA:1752,35172
DA:1755,35172
DA:1756,70344
DA:1757,70344
DA:1758,70344
DA:1759,70344
DA:1760,70344
DA:1761,70344
DA:1762,70344
DA:1763,70344
DA:1767,35172
DA:1768,70344
DA:1769,70344
DA:1770,70344
DA:1771,70344
DA:1772,70344
DA:1773,70344
DA:1774,70344
DA:1775,70344
DA:1777,35172
DA:1778,35172
DA:1780,35172
DA:1781,35172
DA:1782,35172
DA:1784,35172
DA:1785,35172
DA:1789,35172
DA:1790,35172
DA:1801,0
DA:1803,0
DA:1804,0
DA:1805,0
DA:1806,0
DA:1807,0
DA:1808,0
DA:1809,0
DA:1811,0
DA:1812,0
DA:1813,0
DA:1814,0
DA:1815,0
DA:1816,0
DA:1819,0
DA:1820,0
DA:1821,0
DA:1822,0
DA:1823,0
DA:1824,0
DA:1825,0
DA:1826,0
DA:1828,0
DA:1829,0
DA:1830,0
DA:1831,0
DA:1832,0
DA:1833,0
DA:1836,0
DA:1837,0
DA:1838,0
DA:1839,0
DA:1840,0
DA:1841,0
DA:1842,0
DA:1843,0
DA:1845,0
DA:1846,0
DA:1847,0
DA:1848,0
DA:1849,0
DA:1850,0
DA:1853,320
DA:1854,320
DA:1855,320
DA:1856,320
DA:1857,320
DA:1858,320
DA:1859,320
DA:1860,320
DA:1861,320
DA:1862,320
DA:1863,320
DA:1864,320
DA:1865,320
DA:1868,0
DA:1869,0
DA:1870,0
DA:1871,0
DA:1872,0
DA:1873,0
DA:1874,0
DA:1875,0
DA:1876,0
DA:1877,0
DA:1878,0
DA:1879,0
DA:1880,0
DA:1882,0
DA:1883,0
DA:1884,0
DA:1885,0
DA:1886,0
DA:1887,0
DA:1888,0
DA:1889,0
DA:1890,0
DA:1891,0
DA:1892,0
DA:1893,0
DA:1894,0
DA:1906,320
DA:1909,320
DA:1910,320
DA:1911,320
DA:1912,320
DA:1914,0
DA:1915,0
DA:1916,0
DA:1919,320
DA:1920,0
DA:1921,0
DA:1924,320
DA:1925,320
DA:1926,320
DA:1927,320
DA:1932,394
DA:1939,394
DA:1941,394
DA:1942,394
DA:1943,234
DA:1945,160
DA:1947,160
DA:1950,1120
DA:1951,480
DA:1955,160
DA:1958,160
DA:1959,160
DA:1961,160
DA:1964,74
DA:1965,32
DA:1966,16
DA:1968,74
DA:1969,74
DA:1971,74
DA:1972,74
DA:1974,74
DA:1975,74
DA:1976,74
DA:1977,74
DA:1979,74
DA:1980,74
DA:1981,74
DA:1982,74
DA:1986,86
DA:1987,58
DA:1988,46
DA:1990,86
DA:1991,86
DA:1993,86
DA:1994,86
DA:1996,86
DA:1997,86
DA:1998,86
DA:2006,11958
DA:2012,11958
DA:2013,11958
DA:2014,11958
DA:2016,11958
DA:2019,11958
DA:2021,11612
DA:2022,11612
DA:2024,17974
DA:2026,10734
DA:2027,10734
DA:2030,10734
DA:2032,10734
DA:2033,10734
DA:2034,5250
DA:2035,0
DA:2036,0
DA:2037,0
DA:2039,0
DA:2043,0
DA:2044,0
DA:2046,0
DA:2050,346
DA:2051,346
DA:2052,160
DA:2061,140688
DA:2063,140688
DA:2064,140688
DA:2065,136554
DA:2068,4
DA:2070,4
DA:2071,4
DA:2072,2
DA:2073,2
DA:2074,2
DA:2075,2
DA:2076,2
DA:2077,0
DA:2078,0
DA:2079,0
DA:2080,0
DA:2082,4
DA:2085,35172
DA:2092,35172
DA:2094,35172
DA:2096,35172
DA:2098,35172
DA:2099,35172
DA:2100,35172
DA:2102,35172
DA:2103,35172
DA:2104,35172
DA:2105,35172
DA:2107,70344
DA:2111,35172
DA:2112,35172
DA:2113,35172
DA:2115,35172
DA:2117,0
DA:2118,0
DA:2119,0
DA:2120,0
DA:2123,35172
DA:2124,35172
DA:2125,35172
DA:2126,35172
DA:2127,35172
DA:2128,35172
DA:2129,35172
DA:2130,35172
DA:2131,35172
DA:2133,70344
DA:2134,70344
DA:2136,35172
DA:2137,35172
DA:2138,35172
DA:2140,17766
DA:2141,17766
DA:2142,17766
DA:2145,17766
DA:2146,0
DA:2147,0
DA:2148,0
DA:2149,0
DA:2150,0
DA:2152,0
DA:2155,0
DA:2156,0
DA:2163,17766
DA:2165,0
DA:2166,0
DA:2167,0
DA:2168,0
DA:2169,0
DA:2170,0
DA:2171,0
DA:2173,17766
DA:2174,17766
DA:2175,17766
DA:2177,17766
DA:2178,17766
DA:2179,17766
DA:2182,17096
DA:2183,17096
DA:2184,17096
DA:2190,17096
DA:2191,17096
DA:2192,17096
DA:2193,17096
DA:2194,17096
DA:2195,17096
DA:2196,17096
DA:2200,35172
DA:2201,35172
DA:2202,35172
DA:2205,35172
DA:2206,35172
DA:2207,35172
DA:2208,35172
DA:2209,35172
DA:2211,0
DA:2220,0
DA:2221,0
DA:2223,0
DA:2224,0
DA:2226,0
DA:2227,0
DA:2228,0
DA:2229,0
DA:2230,0
DA:2231,0
DA:2232,0
DA:2234,0
DA:2235,0
DA:2236,0
DA:2238,0
DA:2239,0
DA:2241,0
DA:2243,0
DA:2247,0
DA:2249,0
DA:2251,0
DA:2252,0
DA:2253,0
DA:2255,0
LF:1005
LH:693
end_of_record
SF:/disk2/graphdev/robodraw/ReduceGL/kkdevr1/read_cfg.h
FN:22,_Z8readFilePKcRNSt7__cxx1112basic_stringIcSt11char_traitsIcESaIcEEE
FN:39,_Z11splitStringRKNSt7__cxx1112basic_stringIcSt11char_traitsIcESaIcEEERSt6vectorIS4_SaIS4_EES6_
FN:70,_Z12readlistfilePKcRSt6vectorINSt7__cxx1112basic_stringIcSt11char_traitsIcESaIcEEESaIS7_EE
FNDA:2,_Z8readFilePKcRNSt7__cxx1112basic_stringIcSt11char_traitsIcESaIcEEE
FNDA:22,_Z11splitStringRKNSt7__cxx1112basic_stringIcSt11char_traitsIcESaIcEEERSt6vectorIS4_SaIS4_EES6_
FNDA:2,_Z12readlistfilePKcRSt6vectorINSt7__cxx1112basic_stringIcSt11char_traitsIcESaIcEEESaIS7_EE
FNF:3
FNH:3
DA:22,2
DA:24,2
DA:25,4
DA:26,2
DA:27,2
DA:28,0
DA:30,2
DA:32,42
DA:33,20
DA:34,20
DA:36,2
DA:39,22
DA:42,22
DA:43,22
DA:44,470
DA:45,448
DA:47,224
DA:48,18
DA:50,224
DA:51,224
DA:52,224
DA:53,224
DA:55,22
DA:56,12
DA:58,22
DA:70,2
DA:72,4
DA:73,2
DA:74,2
DA:75,0
DA:77,2
DA:79,2
LF:32
LH:30
end_of_record
SF:/disk2/graphdev/robodraw/ReduceGL/kkdevr1/readstl.h
FN:28,_Z7Add3DPt5vec3dS_
FN:37,_ZplRK5vec3dS1_
FN:55,_Z20read_binary_STL_fileNSt7__cxx1112basic_stringIcSt11char_traitsIcESaIcEEERSt6vectorI8triangleSaIS6_EERdSA_SA_SA_SA_SA_
FN:158,_Z19read_ascii_STL_fileNSt7__cxx1112basic_stringIcSt11char_traitsIcESaIcEEERSt6vectorI8triangleSaIS6_EERdSA_SA_SA_SA_SA_
FN:269,_Z19getStlGeometryInputPcRSt6vectorI8triangleSaIS1_EERdS5_S5_S5_S5_S5_
FNDA:0,_Z7Add3DPt5vec3dS_
FNDA:0,_ZplRK5vec3dS1_
FNDA:14,_Z20read_binary_STL_fileNSt7__cxx1112basic_stringIcSt11char_traitsIcESaIcEEERSt6vectorI8triangleSaIS6_EERdSA_SA_SA_SA_SA_
FNDA:0,_Z19read_ascii_STL_fileNSt7__cxx1112basic_stringIcSt11char_traitsIcESaIcEEERSt6vectorI8triangleSaIS6_EERdSA_SA_SA_SA_SA_
FNDA:14,_Z19getStlGeometryInputPcRSt6vectorI8triangleSaIS1_EERdS5_S5_S5_S5_S5_
FNF:5
FNH:2
DA:28,0
DA:31,0
DA:32,0
DA:33,0
DA:34,0
DA:37,0
DA:39,0
DA:55,14
DA:59,28
DA:62,28
DA:67,14
DA:71,14
DA:73,0
DA:74,0
DA:78,14
DA:82,14
DA:92,14
DA:93,14
DA:94,14
DA:99,11738
DA:102,11724
DA:103,11724
DA:104,11724
DA:107,11724
DA:108,11724
DA:109,11724
DA:112,11724
DA:113,11724
DA:114,11724
DA:117,11724
DA:118,11724
DA:119,11724
DA:122,11724
DA:125,11724
DA:126,11724
DA:127,11724
DA:128,11724
DA:129,11724
DA:130,11724
DA:133,11724
DA:134,11724
DA:135,11724
DA:136,11724
DA:137,11724
DA:138,11724
DA:141,11724
DA:142,11724
DA:143,11724
DA:144,11724
DA:145,11724
DA:146,11724
DA:149,11724
DA:153,14
DA:155,14
DA:158,0
DA:162,0
DA:165,0
DA:169,0
DA:173,0
DA:175,0
DA:176,0
DA:182,0
DA:188,0
DA:189,0
DA:192,0
DA:196,0
DA:197,0
DA:198,0
DA:201,0
DA:204,0
DA:206,0
DA:209,0
DA:212,0
DA:213,0
DA:216,0
DA:217,0
DA:220,0
DA:221,0
DA:224,0
DA:225,0
DA:228,0
DA:229,0
DA:230,0
DA:231,0
DA:232,0
DA:233,0
DA:236,0
DA:237,0
DA:238,0
DA:239,0
DA:240,0
DA:241,0
DA:244,0
DA:245,0
DA:246,0
DA:247,0
DA:248,0
DA:249,0
DA:252,0
DA:255,0
DA:258,0
DA:263,0
DA:265,0
DA:269,14
DA:277,28
DA:282,14
DA:285,14
DA:288,14
DA:292,14
DA:294,14
DA:296,14
DA:297,14
DA:298,14
DA:301,7182
DA:303,3584
DA:305,2068
DA:307,3584
DA:311,14
DA:314,14
DA:317,14
DA:319,28
DA:321,14
DA:323,14
DA:327,0
DA:332,14
DA:335,14
DA:339,0
DA:342,0
DA:344,0
DA:349,14
DA:353,14
DA:356,14
DA:358,0
DA:362,14
DA:364,0
DA:365,0
DA:369,14
DA:372,14
DA:373,14
DA:374,14
DA:375,14
DA:376,14
DA:378,14
LF:143
LH:78
end_of_record
SF:/disk2/graphdev/robodraw/ReduceGL/kkdevr1/zbuffer.h
FN:82,_ZN7ZBuffer7ZB_openEiiiiPhPiPv
FN:141,_ZN7ZBuffer13ZB_setTextureEPh
FN:159,_Z10PUT_PIXELKiRdS_PhPdRjS2_S2_RiS3_S3_S3_
FN:177,_ZN7ZBuffer8ZB_clearEiiiiii
FN:195,_ZN7ZBuffer21ZB_fillTriangleSmoothEP12ZBufferPointS1_S1_
FN:448,_Z13PUT_PIXEL_TEXiPhRdS0_S_PdRjS2_RiS3_S3_
FN:468,_ZN7ZBuffer33ZB_fillTriangleMappingPerspectiveEP12ZBufferPointS1_S1_
FNDA:2,_ZN7ZBuffer7ZB_openEiiiiPhPiPv
FNDA:0,_ZN7ZBuffer13ZB_setTextureEPh
FNDA:165384,_Z10PUT_PIXELKiRdS_PhPdRjS2_S2_RiS3_S3_S3_
FNDA:0,_ZN7ZBuffer8ZB_clearEiiiiii
FNDA:5250,_ZN7ZBuffer21ZB_fillTriangleSmoothEP12ZBufferPointS1_S1_
FNDA:0,_Z13PUT_PIXEL_TEXiPhRdS0_S_PdRjS2_RiS3_S3_
FNDA:0,_ZN7ZBuffer33ZB_fillTriangleMappingPerspectiveEP12ZBufferPointS1_S1_
FNF:7
FNH:3
DA:82,2
DA:88,2
DA:93,2
DA:94,0
DA:96,2
DA:97,2
DA:98,2
DA:99,2
DA:102,2
DA:105,2
DA:107,2
DA:108,2
DA:109,0
DA:111,2
DA:112,2
DA:113,2
DA:114,0
DA:115,0
DA:117,2
DA:119,0
DA:120,0
DA:123,2
DA:125,2
DA:127,0
DA:128,0
DA:141,0
DA:143,0
DA:144,0
DA:159,165384
DA:164,165384
DA:165,165384
DA:166,132742
DA:167,132742
DA:168,132742
DA:169,132742
DA:171,165384
DA:172,165384
DA:173,165384
DA:174,165384
DA:175,165384
DA:177,0
DA:184,0
DA:185,0
DA:187,0
DA:188,0
DA:189,0
DA:190,0
DA:191,0
DA:194,0
DA:195,5250
DA:199,5250
DA:224,5250
DA:225,2218
DA:226,2218
DA:227,2218
DA:229,5250
DA:230,1474
DA:231,1474
DA:232,1474
DA:233,1474
DA:234,3776
DA:235,1588
DA:236,1588
DA:237,1588
DA:242,5250
DA:243,5250
DA:245,5250
DA:246,5250
DA:248,5250
DA:249,5250
DA:250,0
DA:251,5250
DA:253,5250
DA:254,5250
DA:255,5250
DA:256,5250
DA:259,5250
DA:260,5250
DA:261,5250
DA:262,5250
DA:264,5250
DA:265,5250
DA:266,5250
DA:267,5250
DA:269,5250
DA:270,5250
DA:271,5250
DA:272,5250
DA:274,5250
DA:275,5250
DA:276,5250
DA:277,5250
DA:282,5250
DA:283,5250
DA:287,15750
DA:288,10500
DA:289,5250
DA:290,2302
DA:291,2302
DA:292,2302
DA:293,2302
DA:294,2302
DA:295,2302
DA:297,2948
DA:298,2948
DA:299,2948
DA:300,2948
DA:301,2948
DA:302,2948
DA:304,5250
DA:307,5250
DA:308,2302
DA:309,2302
DA:310,2302
DA:311,2302
DA:313,2948
DA:314,2948
DA:315,2948
DA:316,2948
DA:318,5250
DA:323,10500
DA:324,8198
DA:325,8198
DA:326,8198
DA:327,7268
DA:329,930
DA:330,8198
DA:331,8198
DA:332,8198
DA:333,8198
DA:334,8198
DA:336,8198
DA:337,8198
DA:338,8198
DA:340,8198
DA:341,8198
DA:342,8198
DA:344,8198
DA:345,8198
DA:346,8198
DA:348,8198
DA:349,8198
DA:350,8198
DA:357,10500
DA:358,7552
DA:359,7552
DA:360,7552
DA:361,7230
DA:363,322
DA:364,7552
DA:369,219044
DA:370,104272
DA:380,104272
DA:381,104272
DA:383,104272
DA:384,104272
DA:386,104272
DA:387,104272
DA:388,104272
DA:391,435040
DA:392,165384
DA:394,165384
DA:396,165384
DA:397,165384
DA:401,104272
DA:402,104272
DA:403,50330
DA:404,50330
DA:406,50330
DA:408,50330
DA:409,50330
DA:410,50330
DA:414,53942
DA:416,53942
DA:418,53942
DA:419,53942
DA:420,53942
DA:426,104272
DA:429,104272
DA:430,104272
DA:448,0
DA:454,0
DA:455,0
DA:456,0
DA:457,0
DA:458,0
DA:459,0
DA:460,0
DA:462,0
DA:463,0
DA:464,0
DA:465,0
DA:468,0
DA:471,0
DA:514,0
DA:515,0
DA:516,0
DA:517,0
DA:519,0
DA:520,0
DA:521,0
DA:522,0
DA:523,0
DA:524,0
DA:525,0
DA:526,0
DA:527,0
DA:532,0
DA:533,0
DA:535,0
DA:536,0
DA:538,0
DA:539,0
DA:540,0
DA:541,0
DA:543,0
DA:544,0
DA:545,0
DA:546,0
DA:549,0
DA:550,0
DA:551,0
DA:552,0
DA:560,0
DA:561,0
DA:562,0
DA:563,0
DA:564,0
DA:565,0
DA:566,0
DA:567,0
DA:568,0
DA:570,0
DA:571,0
DA:572,0
DA:573,0
DA:575,0
DA:576,0
DA:577,0
DA:578,0
DA:583,0
DA:584,0
DA:589,0
DA:590,0
DA:591,0
DA:592,0
DA:593,0
DA:598,0
DA:599,0
DA:600,0
DA:601,0
DA:602,0
DA:603,0
DA:604,0
DA:605,0
DA:606,0
DA:608,0
DA:609,0
DA:610,0
DA:611,0
DA:612,0
DA:613,0
DA:615,0
DA:618,0
DA:619,0
DA:620,0
DA:621,0
DA:622,0
DA:624,0
DA:625,0
DA:626,0
DA:627,0
DA:629,0
DA:634,0
DA:635,0
DA:636,0
DA:637,0
DA:638,0
DA:640,0
DA:641,0
DA:642,0
DA:643,0
DA:644,0
DA:645,0
DA:648,0
DA:649,0
DA:650,0
DA:654,0
DA:655,0
DA:656,0
DA:658,0
DA:659,0
DA:660,0
DA:666,0
DA:667,0
DA:668,0
DA:669,0
DA:670,0
DA:672,0
DA:673,0
DA:678,0
DA:679,0
DA:688,0
DA:689,0
DA:690,0
DA:691,0
DA:692,0
DA:693,0
DA:694,0
DA:695,0
DA:696,0
DA:699,0
DA:700,0
DA:701,0
DA:702,0
DA:703,0
DA:704,0
DA:705,0
DA:706,0
DA:708,0
DA:709,0
DA:710,0
DA:711,0
DA:712,0
DA:713,0
DA:714,0
DA:715,0
DA:716,0
DA:717,0
DA:718,0
DA:719,0
DA:720,0
DA:724,0
DA:725,0
DA:726,0
DA:727,0
DA:728,0
DA:729,0
DA:731,0
DA:732,0
DA:733,0
DA:734,0
DA:735,0
DA:740,0
DA:741,0
DA:742,0
DA:743,0
DA:745,0
DA:749,0
DA:750,0
DA:753,0
DA:755,0
DA:759,0
DA:760,0
DA:765,0
DA:768,0
DA:769,0
LF:357
LH:159
end_of_record
SF:/disk2/graphdev/robodraw/ReduceGL/kkdevr1/zmath.h
FN:33,_ZN2M4C2Ev
FN:56,_Z10gl_V3_NormP2V3
FN:67,_Z9gl_V3_Newfff
FN:76,_Z9gl_V4_Newffff
FN:91,_ZN2M48gl_M4_IdEPS_
FN:99,_ZN2M410gl_M4_IsIdEPS_
FN:111,_ZN2M49gl_M4_MulEPS_S0_S0_
FN:124,_ZN2M413gl_M4_MulLeftEPS_S0_
FN:142,_ZN2M410gl_M4_MoveEPS_S0_
FN:157,_ZN2M411gl_M4_MulV4EP2V4PS_S1_
FN:166,_ZN2M415gl_M4_TransposeEPS_S0_
FN:207,_Z10Matrix_InvPfS_i
FN:267,_ZN2M49gl_M4_InvEPS_S0_
FN:275,_ZN2M412gl_M4_RotateEPS_fi
FNDA:116,_ZN2M4C2Ev
FNDA:70348,_Z10gl_V3_NormP2V3
FNDA:96,_Z9gl_V3_Newfff
FNDA:146,_Z9gl_V4_Newffff
FNDA:28,_ZN2M48gl_M4_IdEPS_
FNDA:14,_ZN2M410gl_M4_IsIdEPS_
FNDA:0,_ZN2M49gl_M4_MulEPS_S0_S0_
FNDA:38,_ZN2M413gl_M4_MulLeftEPS_S0_
FNDA:20,_ZN2M410gl_M4_MoveEPS_S0_
FNDA:4,_ZN2M411gl_M4_MulV4EP2V4PS_S1_
FNDA:16,_ZN2M415gl_M4_TransposeEPS_S0_
FNDA:14,_Z10Matrix_InvPfS_i
FNDA:14,_ZN2M49gl_M4_InvEPS_S0_
FNDA:14,_ZN2M412gl_M4_RotateEPS_fi
FNF:14
FNH:13
DA:33,116
DA:56,70348
DA:59,70348
DA:60,70348
DA:61,70348
DA:62,70348
DA:63,70348
DA:64,70348
DA:67,96
DA:70,96
DA:71,96
DA:72,96
DA:73,96
DA:76,146
DA:79,146
DA:80,146
DA:81,146
DA:82,146
DA:83,146
DA:91,28
DA:94,140
DA:95,560
DA:96,448
DA:97,28
DA:99,14
DA:102,70
DA:103,280
DA:104,224
DA:105,56
DA:106,168
DA:108,14
DA:111,0
DA:115,0
DA:116,0
DA:117,0
DA:118,0
DA:119,0
DA:121,0
DA:124,38
DA:128,38
DA:132,38
DA:134,190
DA:135,760
DA:136,608
DA:137,608
DA:138,608
DA:140,38
DA:142,20
DA:144,20
DA:145,20
DA:157,4
DA:159,4
DA:160,4
DA:161,4
DA:162,4
DA:163,4
DA:166,16
DA:168,16
DA:169,16
DA:170,16
DA:171,16
DA:173,16
DA:174,16
DA:175,16
DA:176,16
DA:178,16
DA:179,16
DA:180,16
DA:181,16
DA:183,16
DA:184,16
DA:185,16
DA:186,16
DA:187,16
DA:207,14
DA:213,14
DA:214,14
DA:216,70
DA:219,56
DA:220,56
DA:221,140
DA:222,84
DA:223,16
DA:224,16
DA:228,56
DA:232,56
DA:233,80
DA:234,64
DA:235,64
DA:236,64
DA:238,64
DA:239,64
DA:240,64
DA:245,56
DA:246,280
DA:247,224
DA:248,224
DA:252,280
DA:253,168
DA:254,840
DA:255,672
DA:256,672
DA:261,14
DA:267,14
DA:269,14
DA:270,14
DA:272,14
DA:273,14
DA:275,14
DA:279,14
DA:280,14
DA:281,14
DA:282,14
DA:283,14
DA:284,14
DA:285,14
DA:286,14
LF:117
LH:110
end_of_record
